{"/Users/siri2001/IdeaProjects/TotallySpiesBusPlan/backend/src/DBmodels/busline.js": {"path":"/Users/siri2001/IdeaProjects/TotallySpiesBusPlan/backend/src/DBmodels/busline.js","statementMap":{"0":{"start":{"line":2,"column":15},"end":{"line":2,"column":30}},"1":{"start":{"line":4,"column":23},"end":{"line":18,"column":2}},"2":{"start":{"line":20,"column":20},"end":{"line":26,"column":2}},"3":{"start":{"line":28,"column":20},"end":{"line":35,"column":2}},"4":{"start":{"line":37,"column":19},"end":{"line":43,"column":2}},"5":{"start":{"line":45,"column":20},"end":{"line":51,"column":2}},"6":{"start":{"line":53,"column":17},"end":{"line":53,"column":59}},"7":{"start":{"line":54,"column":14},"end":{"line":54,"column":50}},"8":{"start":{"line":55,"column":14},"end":{"line":55,"column":50}},"9":{"start":{"line":56,"column":13},"end":{"line":56,"column":47}},"10":{"start":{"line":57,"column":14},"end":{"line":57,"column":50}}},"fnMap":{},"branchMap":{},"s":{"0":7,"1":7,"2":7,"3":7,"4":7,"5":7,"6":7,"7":7,"8":7,"9":7,"10":7},"f":{},"b":{},"_coverageSchema":"1a1c01bbd47fc00a2c39e90264f33305004495a9","hash":"bda9a609e0e75005d80fb87af7b92d41cd71e073"}
,"/Users/siri2001/IdeaProjects/TotallySpiesBusPlan/backend/src/DBmodels/segmentSpeedPrediction.js": {"path":"/Users/siri2001/IdeaProjects/TotallySpiesBusPlan/backend/src/DBmodels/segmentSpeedPrediction.js","statementMap":{"0":{"start":{"line":3,"column":37},"end":{"line":12,"column":2}},"1":{"start":{"line":14,"column":31},"end":{"line":14,"column":101}}},"fnMap":{},"branchMap":{},"s":{"0":4,"1":4},"f":{},"b":{},"_coverageSchema":"1a1c01bbd47fc00a2c39e90264f33305004495a9","hash":"4c8b8ae7fbc7d149f9f2061e8b840524e3627533"}
,"/Users/siri2001/IdeaProjects/TotallySpiesBusPlan/backend/src/DBmodels/tripUpdate.js": {"path":"/Users/siri2001/IdeaProjects/TotallySpiesBusPlan/backend/src/DBmodels/tripUpdate.js","statementMap":{"0":{"start":{"line":2,"column":15},"end":{"line":2,"column":30}},"1":{"start":{"line":4,"column":29},"end":{"line":17,"column":2}},"2":{"start":{"line":19,"column":25},"end":{"line":22,"column":2}},"3":{"start":{"line":24,"column":19},"end":{"line":24,"column":65}}},"fnMap":{},"branchMap":{},"s":{"0":4,"1":4,"2":4,"3":4},"f":{},"b":{},"_coverageSchema":"1a1c01bbd47fc00a2c39e90264f33305004495a9","hash":"79a0ac1a161a57bcb9ce78cc0cadd12783f7fb3e"}
,"/Users/siri2001/IdeaProjects/TotallySpiesBusPlan/backend/src/DBmodels/vehiclepositions.js": {"path":"/Users/siri2001/IdeaProjects/TotallySpiesBusPlan/backend/src/DBmodels/vehiclepositions.js","statementMap":{"0":{"start":{"line":2,"column":15},"end":{"line":2,"column":30}},"1":{"start":{"line":4,"column":31},"end":{"line":28,"column":2}},"2":{"start":{"line":30,"column":25},"end":{"line":30,"column":83}}},"fnMap":{},"branchMap":{},"s":{"0":4,"1":4,"2":4},"f":{},"b":{},"_coverageSchema":"1a1c01bbd47fc00a2c39e90264f33305004495a9","hash":"69cd7432ef1d8df4d6cdbe5fcaa4ad6019db36af"}
,"/Users/siri2001/IdeaProjects/TotallySpiesBusPlan/backend/src/gtfs-realtime/AmsterdamVehicleDataProcessor.js": {"path":"/Users/siri2001/IdeaProjects/TotallySpiesBusPlan/backend/src/gtfs-realtime/AmsterdamVehicleDataProcessor.js","statementMap":{"0":{"start":{"line":9,"column":8},"end":{"line":31,"column":11}},"1":{"start":{"line":36,"column":33},"end":{"line":39,"column":9}},"2":{"start":{"line":40,"column":32},"end":{"line":40,"column":106}},"3":{"start":{"line":43,"column":22},"end":{"line":43,"column":71}},"4":{"start":{"line":44,"column":8},"end":{"line":58,"column":9}},"5":{"start":{"line":46,"column":32},"end":{"line":50,"column":13}},"6":{"start":{"line":52,"column":31},"end":{"line":52,"column":81}},"7":{"start":{"line":54,"column":12},"end":{"line":54,"column":69}},"8":{"start":{"line":55,"column":12},"end":{"line":55,"column":81}},"9":{"start":{"line":56,"column":12},"end":{"line":56,"column":85}},"10":{"start":{"line":57,"column":12},"end":{"line":57,"column":83}},"11":{"start":{"line":59,"column":8},"end":{"line":59,"column":97}},"12":{"start":{"line":60,"column":8},"end":{"line":60,"column":99}},"13":{"start":{"line":61,"column":8},"end":{"line":61,"column":87}},"14":{"start":{"line":62,"column":8},"end":{"line":62,"column":89}},"15":{"start":{"line":63,"column":8},"end":{"line":63,"column":77}},"16":{"start":{"line":64,"column":8},"end":{"line":64,"column":85}},"17":{"start":{"line":65,"column":8},"end":{"line":65,"column":73}},"18":{"start":{"line":66,"column":8},"end":{"line":66,"column":58}},"19":{"start":{"line":71,"column":8},"end":{"line":71,"column":55}},"20":{"start":{"line":72,"column":8},"end":{"line":76,"column":10}},"21":{"start":{"line":81,"column":8},"end":{"line":81,"column":81}}},"fnMap":{"0":{"name":"(anonymous_0)","decl":{"start":{"line":8,"column":4},"end":{"line":8,"column":5}},"loc":{"start":{"line":8,"column":54},"end":{"line":32,"column":5}},"line":8},"1":{"name":"(anonymous_1)","decl":{"start":{"line":33,"column":4},"end":{"line":33,"column":5}},"loc":{"start":{"line":33,"column":65},"end":{"line":68,"column":5}},"line":33},"2":{"name":"(anonymous_2)","decl":{"start":{"line":70,"column":4},"end":{"line":70,"column":5}},"loc":{"start":{"line":70,"column":41},"end":{"line":77,"column":5}},"line":70},"3":{"name":"(anonymous_3)","decl":{"start":{"line":80,"column":4},"end":{"line":80,"column":5}},"loc":{"start":{"line":80,"column":46},"end":{"line":82,"column":5}},"line":80}},"branchMap":{"0":{"loc":{"start":{"line":13,"column":23},"end":{"line":13,"column":62}},"type":"binary-expr","locations":[{"start":{"line":13,"column":23},"end":{"line":13,"column":48}},{"start":{"line":13,"column":52},"end":{"line":13,"column":62}}],"line":13},"1":{"loc":{"start":{"line":44,"column":8},"end":{"line":58,"column":9}},"type":"if","locations":[{"start":{"line":44,"column":8},"end":{"line":58,"column":9}},{"start":{},"end":{}}],"line":44},"2":{"loc":{"start":{"line":44,"column":12},"end":{"line":44,"column":177}},"type":"binary-expr","locations":[{"start":{"line":44,"column":12},"end":{"line":44,"column":92}},{"start":{"line":44,"column":96},"end":{"line":44,"column":177}}],"line":44},"3":{"loc":{"start":{"line":63,"column":37},"end":{"line":63,"column":76}},"type":"binary-expr","locations":[{"start":{"line":63,"column":37},"end":{"line":63,"column":62}},{"start":{"line":63,"column":66},"end":{"line":63,"column":76}}],"line":63}},"s":{"0":1,"1":0,"2":0,"3":0,"4":0,"5":0,"6":0,"7":0,"8":0,"9":0,"10":0,"11":0,"12":0,"13":0,"14":0,"15":0,"16":0,"17":0,"18":0,"19":1,"20":1,"21":1},"f":{"0":1,"1":0,"2":1,"3":1},"b":{"0":[1,0],"1":[0,0],"2":[0,0],"3":[0,0]},"_coverageSchema":"1a1c01bbd47fc00a2c39e90264f33305004495a9","hash":"648bb5cecd473b8814e82ef6830a019226523916"}
,"/Users/siri2001/IdeaProjects/TotallySpiesBusPlan/backend/src/gtfs-realtime/IVehicleDataProcessor.js": {"path":"/Users/siri2001/IdeaProjects/TotallySpiesBusPlan/backend/src/gtfs-realtime/IVehicleDataProcessor.js","statementMap":{"0":{"start":{"line":3,"column":8},"end":{"line":3,"column":67}},"1":{"start":{"line":6,"column":8},"end":{"line":6,"column":67}}},"fnMap":{"0":{"name":"(anonymous_0)","decl":{"start":{"line":2,"column":4},"end":{"line":2,"column":5}},"loc":{"start":{"line":2,"column":57},"end":{"line":4,"column":5}},"line":2},"1":{"name":"(anonymous_1)","decl":{"start":{"line":5,"column":4},"end":{"line":5,"column":5}},"loc":{"start":{"line":5,"column":58},"end":{"line":7,"column":5}},"line":5}},"branchMap":{},"s":{"0":0,"1":0},"f":{"0":0,"1":0},"b":{},"_coverageSchema":"1a1c01bbd47fc00a2c39e90264f33305004495a9","hash":"5ffced91511699192161b22a4796b1e047795f5f"}
,"/Users/siri2001/IdeaProjects/TotallySpiesBusPlan/backend/src/gtfs-realtime/StockholmVehicleDataProcessor.js": {"path":"/Users/siri2001/IdeaProjects/TotallySpiesBusPlan/backend/src/gtfs-realtime/StockholmVehicleDataProcessor.js","statementMap":{"0":{"start":{"line":9,"column":8},"end":{"line":24,"column":10}},"1":{"start":{"line":27,"column":8},"end":{"line":27,"column":39}},"2":{"start":{"line":28,"column":8},"end":{"line":28,"column":58}},"3":{"start":{"line":29,"column":8},"end":{"line":29,"column":77}},"4":{"start":{"line":30,"column":8},"end":{"line":30,"column":87}},"5":{"start":{"line":31,"column":8},"end":{"line":31,"column":89}},"6":{"start":{"line":32,"column":8},"end":{"line":32,"column":65}},"7":{"start":{"line":34,"column":8},"end":{"line":34,"column":61}},"8":{"start":{"line":35,"column":8},"end":{"line":35,"column":59}},"9":{"start":{"line":36,"column":38},"end":{"line":41,"column":45}},"10":{"start":{"line":42,"column":8},"end":{"line":42,"column":68}},"11":{"start":{"line":43,"column":8},"end":{"line":43,"column":88}},"12":{"start":{"line":44,"column":8},"end":{"line":44,"column":87}},"13":{"start":{"line":45,"column":8},"end":{"line":45,"column":91}},"14":{"start":{"line":49,"column":8},"end":{"line":49,"column":55}},"15":{"start":{"line":50,"column":8},"end":{"line":54,"column":10}},"16":{"start":{"line":59,"column":8},"end":{"line":59,"column":81}}},"fnMap":{"0":{"name":"(anonymous_0)","decl":{"start":{"line":8,"column":4},"end":{"line":8,"column":5}},"loc":{"start":{"line":8,"column":54},"end":{"line":25,"column":5}},"line":8},"1":{"name":"(anonymous_1)","decl":{"start":{"line":26,"column":4},"end":{"line":26,"column":5}},"loc":{"start":{"line":26,"column":65},"end":{"line":46,"column":5}},"line":26},"2":{"name":"(anonymous_2)","decl":{"start":{"line":48,"column":4},"end":{"line":48,"column":5}},"loc":{"start":{"line":48,"column":41},"end":{"line":55,"column":9}},"line":48},"3":{"name":"(anonymous_3)","decl":{"start":{"line":58,"column":4},"end":{"line":58,"column":5}},"loc":{"start":{"line":58,"column":46},"end":{"line":60,"column":5}},"line":58}},"branchMap":{"0":{"loc":{"start":{"line":13,"column":23},"end":{"line":13,"column":62}},"type":"binary-expr","locations":[{"start":{"line":13,"column":23},"end":{"line":13,"column":48}},{"start":{"line":13,"column":52},"end":{"line":13,"column":62}}],"line":13},"1":{"loc":{"start":{"line":29,"column":37},"end":{"line":29,"column":76}},"type":"binary-expr","locations":[{"start":{"line":29,"column":37},"end":{"line":29,"column":62}},{"start":{"line":29,"column":66},"end":{"line":29,"column":76}}],"line":29}},"s":{"0":1,"1":1,"2":1,"3":1,"4":1,"5":1,"6":1,"7":1,"8":1,"9":1,"10":1,"11":1,"12":1,"13":1,"14":1,"15":1,"16":1},"f":{"0":1,"1":1,"2":1,"3":1},"b":{"0":[1,0],"1":[1,0]},"_coverageSchema":"1a1c01bbd47fc00a2c39e90264f33305004495a9","hash":"fa5d21f292375c7089a083ae35b7e76c3a4a41c9"}
,"/Users/siri2001/IdeaProjects/TotallySpiesBusPlan/backend/src/queryData/queryDbData.js": {"path":"/Users/siri2001/IdeaProjects/TotallySpiesBusPlan/backend/src/queryData/queryDbData.js","statementMap":{"0":{"start":{"line":14,"column":4},"end":{"line":14,"column":46}},"1":{"start":{"line":22,"column":4},"end":{"line":22,"column":45}},"2":{"start":{"line":27,"column":18},"end":{"line":27,"column":76}},"3":{"start":{"line":28,"column":4},"end":{"line":30,"column":5}},"4":{"start":{"line":29,"column":8},"end":{"line":29,"column":64}},"5":{"start":{"line":31,"column":23},"end":{"line":31,"column":32}},"6":{"start":{"line":32,"column":27},"end":{"line":32,"column":78}},"7":{"start":{"line":33,"column":4},"end":{"line":36,"column":5}},"8":{"start":{"line":34,"column":21},"end":{"line":34,"column":50}},"9":{"start":{"line":35,"column":8},"end":{"line":35,"column":73}},"10":{"start":{"line":40,"column":17},"end":{"line":40,"column":115}},"11":{"start":{"line":41,"column":3},"end":{"line":43,"column":4}},"12":{"start":{"line":42,"column":4},"end":{"line":42,"column":59}},"13":{"start":{"line":44,"column":4},"end":{"line":44,"column":55}},"14":{"start":{"line":45,"column":4},"end":{"line":45,"column":75}},"15":{"start":{"line":48,"column":19},"end":{"line":48,"column":30}},"16":{"start":{"line":49,"column":29},"end":{"line":49,"column":73}},"17":{"start":{"line":50,"column":28},"end":{"line":50,"column":71}},"18":{"start":{"line":51,"column":28},"end":{"line":51,"column":98}},"19":{"start":{"line":54,"column":23},"end":{"line":54,"column":72}},"20":{"start":{"line":55,"column":27},"end":{"line":55,"column":73}},"21":{"start":{"line":58,"column":35},"end":{"line":58,"column":135}},"22":{"start":{"line":61,"column":3},"end":{"line":61,"column":169}},"23":{"start":{"line":67,"column":4},"end":{"line":67,"column":50}},"24":{"start":{"line":68,"column":4},"end":{"line":77,"column":5}},"25":{"start":{"line":69,"column":8},"end":{"line":76,"column":11}},"26":{"start":{"line":70,"column":12},"end":{"line":70,"column":56}},"27":{"start":{"line":71,"column":12},"end":{"line":71,"column":85}},"28":{"start":{"line":72,"column":12},"end":{"line":72,"column":89}},"29":{"start":{"line":74,"column":12},"end":{"line":74,"column":97}},"30":{"start":{"line":75,"column":12},"end":{"line":75,"column":101}},"31":{"start":{"line":78,"column":4},"end":{"line":78,"column":27}},"32":{"start":{"line":87,"column":4},"end":{"line":87,"column":89}},"33":{"start":{"line":100,"column":4},"end":{"line":143,"column":5}},"34":{"start":{"line":102,"column":22},"end":{"line":102,"column":82}},"35":{"start":{"line":103,"column":8},"end":{"line":105,"column":9}},"36":{"start":{"line":104,"column":12},"end":{"line":104,"column":68}},"37":{"start":{"line":107,"column":21},"end":{"line":107,"column":64}},"38":{"start":{"line":107,"column":43},"end":{"line":107,"column":63}},"39":{"start":{"line":108,"column":8},"end":{"line":110,"column":9}},"40":{"start":{"line":109,"column":12},"end":{"line":109,"column":78}},"41":{"start":{"line":112,"column":32},"end":{"line":112,"column":118}},"42":{"start":{"line":113,"column":8},"end":{"line":115,"column":9}},"43":{"start":{"line":114,"column":12},"end":{"line":114,"column":80}},"44":{"start":{"line":118,"column":8},"end":{"line":125,"column":9}},"45":{"start":{"line":119,"column":12},"end":{"line":119,"column":36}},"46":{"start":{"line":120,"column":12},"end":{"line":120,"column":118}},"47":{"start":{"line":122,"column":13},"end":{"line":125,"column":9}},"48":{"start":{"line":123,"column":12},"end":{"line":123,"column":122}},"49":{"start":{"line":124,"column":12},"end":{"line":124,"column":32}},"50":{"start":{"line":128,"column":8},"end":{"line":139,"column":9}},"51":{"start":{"line":129,"column":12},"end":{"line":129,"column":100}},"52":{"start":{"line":131,"column":32},"end":{"line":131,"column":47}},"53":{"start":{"line":132,"column":33},"end":{"line":132,"column":49}},"54":{"start":{"line":133,"column":12},"end":{"line":133,"column":60}},"55":{"start":{"line":134,"column":15},"end":{"line":139,"column":9}},"56":{"start":{"line":135,"column":33},"end":{"line":135,"column":48}},"57":{"start":{"line":136,"column":32},"end":{"line":136,"column":44}},"58":{"start":{"line":137,"column":12},"end":{"line":137,"column":96}},"59":{"start":{"line":138,"column":12},"end":{"line":138,"column":59}},"60":{"start":{"line":141,"column":8},"end":{"line":141,"column":76}},"61":{"start":{"line":142,"column":8},"end":{"line":142,"column":20}}},"fnMap":{"0":{"name":"getBusAllBuslineAmsterdam","decl":{"start":{"line":13,"column":22},"end":{"line":13,"column":47}},"loc":{"start":{"line":13,"column":49},"end":{"line":15,"column":1}},"line":13},"1":{"name":"getBusAllBuslineStockholm","decl":{"start":{"line":21,"column":22},"end":{"line":21,"column":47}},"loc":{"start":{"line":21,"column":49},"end":{"line":23,"column":1}},"line":21},"2":{"name":"getBusDetails","decl":{"start":{"line":26,"column":22},"end":{"line":26,"column":35}},"loc":{"start":{"line":26,"column":44},"end":{"line":62,"column":1}},"line":26},"3":{"name":"formatTimeAndDelayOf","decl":{"start":{"line":66,"column":9},"end":{"line":66,"column":29}},"loc":{"start":{"line":66,"column":47},"end":{"line":79,"column":1}},"line":66},"4":{"name":"(anonymous_4)","decl":{"start":{"line":69,"column":32},"end":{"line":69,"column":33}},"loc":{"start":{"line":69,"column":50},"end":{"line":76,"column":9}},"line":69},"5":{"name":"handleInactivity","decl":{"start":{"line":86,"column":15},"end":{"line":86,"column":31}},"loc":{"start":{"line":86,"column":39},"end":{"line":88,"column":1}},"line":86},"6":{"name":"fetchAverageSpeed","decl":{"start":{"line":99,"column":22},"end":{"line":99,"column":39}},"loc":{"start":{"line":99,"column":71},"end":{"line":144,"column":1}},"line":99},"7":{"name":"(anonymous_7)","decl":{"start":{"line":107,"column":38},"end":{"line":107,"column":39}},"loc":{"start":{"line":107,"column":43},"end":{"line":107,"column":63}},"line":107}},"branchMap":{"0":{"loc":{"start":{"line":28,"column":4},"end":{"line":30,"column":5}},"type":"if","locations":[{"start":{"line":28,"column":4},"end":{"line":30,"column":5}},{"start":{},"end":{}}],"line":28},"1":{"loc":{"start":{"line":33,"column":4},"end":{"line":36,"column":5}},"type":"if","locations":[{"start":{"line":33,"column":4},"end":{"line":36,"column":5}},{"start":{},"end":{}}],"line":33},"2":{"loc":{"start":{"line":41,"column":3},"end":{"line":43,"column":4}},"type":"if","locations":[{"start":{"line":41,"column":3},"end":{"line":43,"column":4}},{"start":{},"end":{}}],"line":41},"3":{"loc":{"start":{"line":55,"column":27},"end":{"line":55,"column":73}},"type":"cond-expr","locations":[{"start":{"line":55,"column":40},"end":{"line":55,"column":66}},{"start":{"line":55,"column":69},"end":{"line":55,"column":73}}],"line":55},"4":{"loc":{"start":{"line":68,"column":4},"end":{"line":77,"column":5}},"type":"if","locations":[{"start":{"line":68,"column":4},"end":{"line":77,"column":5}},{"start":{},"end":{}}],"line":68},"5":{"loc":{"start":{"line":68,"column":7},"end":{"line":68,"column":52}},"type":"binary-expr","locations":[{"start":{"line":68,"column":7},"end":{"line":68,"column":22}},{"start":{"line":68,"column":26},"end":{"line":68,"column":52}}],"line":68},"6":{"loc":{"start":{"line":103,"column":8},"end":{"line":105,"column":9}},"type":"if","locations":[{"start":{"line":103,"column":8},"end":{"line":105,"column":9}},{"start":{},"end":{}}],"line":103},"7":{"loc":{"start":{"line":108,"column":8},"end":{"line":110,"column":9}},"type":"if","locations":[{"start":{"line":108,"column":8},"end":{"line":110,"column":9}},{"start":{},"end":{}}],"line":108},"8":{"loc":{"start":{"line":113,"column":8},"end":{"line":115,"column":9}},"type":"if","locations":[{"start":{"line":113,"column":8},"end":{"line":115,"column":9}},{"start":{},"end":{}}],"line":113},"9":{"loc":{"start":{"line":118,"column":8},"end":{"line":125,"column":9}},"type":"if","locations":[{"start":{"line":118,"column":8},"end":{"line":125,"column":9}},{"start":{"line":122,"column":13},"end":{"line":125,"column":9}}],"line":118},"10":{"loc":{"start":{"line":122,"column":13},"end":{"line":125,"column":9}},"type":"if","locations":[{"start":{"line":122,"column":13},"end":{"line":125,"column":9}},{"start":{},"end":{}}],"line":122},"11":{"loc":{"start":{"line":122,"column":17},"end":{"line":122,"column":75}},"type":"binary-expr","locations":[{"start":{"line":122,"column":17},"end":{"line":122,"column":33}},{"start":{"line":122,"column":37},"end":{"line":122,"column":75}}],"line":122},"12":{"loc":{"start":{"line":128,"column":8},"end":{"line":139,"column":9}},"type":"if","locations":[{"start":{"line":128,"column":8},"end":{"line":139,"column":9}},{"start":{"line":134,"column":15},"end":{"line":139,"column":9}}],"line":128},"13":{"loc":{"start":{"line":134,"column":15},"end":{"line":139,"column":9}},"type":"if","locations":[{"start":{"line":134,"column":15},"end":{"line":139,"column":9}},{"start":{},"end":{}}],"line":134}},"s":{"0":1,"1":1,"2":1,"3":0,"4":0,"5":0,"6":0,"7":0,"8":0,"9":0,"10":0,"11":0,"12":0,"13":0,"14":0,"15":0,"16":0,"17":0,"18":0,"19":0,"20":0,"21":0,"22":0,"23":0,"24":0,"25":0,"26":0,"27":0,"28":0,"29":0,"30":0,"31":0,"32":0,"33":1,"34":1,"35":0,"36":0,"37":0,"38":0,"39":0,"40":0,"41":0,"42":0,"43":0,"44":0,"45":0,"46":0,"47":0,"48":0,"49":0,"50":0,"51":0,"52":0,"53":0,"54":0,"55":0,"56":0,"57":0,"58":0,"59":0,"60":1,"61":1},"f":{"0":1,"1":1,"2":1,"3":0,"4":0,"5":0,"6":1,"7":0},"b":{"0":[0,0],"1":[0,0],"2":[0,0],"3":[0,0],"4":[0,0],"5":[0,0],"6":[0,0],"7":[0,0],"8":[0,0],"9":[0,0],"10":[0,0],"11":[0,0],"12":[0,0],"13":[0,0]},"_coverageSchema":"1a1c01bbd47fc00a2c39e90264f33305004495a9","hash":"8346e7ecf15b279e5d4b875a536d514be5bdb858"}
,"/Users/siri2001/IdeaProjects/TotallySpiesBusPlan/backend/src/utils/congestionLevel.js": {"path":"/Users/siri2001/IdeaProjects/TotallySpiesBusPlan/backend/src/utils/congestionLevel.js","statementMap":{"0":{"start":{"line":14,"column":24},"end":{"line":14,"column":111}},"1":{"start":{"line":15,"column":26},"end":{"line":15,"column":48}},"2":{"start":{"line":16,"column":25},"end":{"line":16,"column":49}},"3":{"start":{"line":17,"column":24},"end":{"line":17,"column":47}},"4":{"start":{"line":21,"column":28},"end":{"line":21,"column":87}},"5":{"start":{"line":26,"column":4},"end":{"line":26,"column":121}},"6":{"start":{"line":41,"column":4},"end":{"line":41,"column":46}},"7":{"start":{"line":43,"column":24},"end":{"line":43,"column":107}},"8":{"start":{"line":44,"column":4},"end":{"line":48,"column":5}},"9":{"start":{"line":58,"column":4},"end":{"line":66,"column":5}},"10":{"start":{"line":59,"column":8},"end":{"line":63,"column":9}},"11":{"start":{"line":60,"column":12},"end":{"line":60,"column":21}},"12":{"start":{"line":62,"column":12},"end":{"line":62,"column":21}},"13":{"start":{"line":65,"column":8},"end":{"line":65,"column":17}}},"fnMap":{"0":{"name":"congestionLevel","decl":{"start":{"line":10,"column":22},"end":{"line":10,"column":37}},"loc":{"start":{"line":10,"column":64},"end":{"line":29,"column":1}},"line":10},"1":{"name":"congestionLevelStockholm","decl":{"start":{"line":40,"column":22},"end":{"line":40,"column":46}},"loc":{"start":{"line":40,"column":98},"end":{"line":49,"column":1}},"line":40},"2":{"name":"level","decl":{"start":{"line":57,"column":16},"end":{"line":57,"column":21}},"loc":{"start":{"line":57,"column":53},"end":{"line":67,"column":1}},"line":57}},"branchMap":{"0":{"loc":{"start":{"line":58,"column":4},"end":{"line":66,"column":5}},"type":"if","locations":[{"start":{"line":58,"column":4},"end":{"line":66,"column":5}},{"start":{"line":64,"column":11},"end":{"line":66,"column":5}}],"line":58},"1":{"loc":{"start":{"line":59,"column":8},"end":{"line":63,"column":9}},"type":"if","locations":[{"start":{"line":59,"column":8},"end":{"line":63,"column":9}},{"start":{"line":61,"column":15},"end":{"line":63,"column":9}}],"line":59}},"s":{"0":1,"1":1,"2":1,"3":1,"4":1,"5":1,"6":1,"7":1,"8":1,"9":3,"10":3,"11":3,"12":0,"13":0},"f":{"0":1,"1":1,"2":3},"b":{"0":[3,0],"1":[3,0]},"_coverageSchema":"1a1c01bbd47fc00a2c39e90264f33305004495a9","hash":"b6157499ef17d1f9051cb959f6532089e6ce241d"}
,"/Users/siri2001/IdeaProjects/TotallySpiesBusPlan/backend/src/utils/enum.js": {"path":"/Users/siri2001/IdeaProjects/TotallySpiesBusPlan/backend/src/utils/enum.js","statementMap":{"0":{"start":{"line":1,"column":13},"end":{"line":3,"column":1}},"1":{"start":{"line":5,"column":22},"end":{"line":8,"column":1}}},"fnMap":{},"branchMap":{},"s":{"0":4,"1":4},"f":{},"b":{},"_coverageSchema":"1a1c01bbd47fc00a2c39e90264f33305004495a9","hash":"1dd816fd2bbab2eb23f5b3e87d188cb0207ff27b"}
,"/Users/siri2001/IdeaProjects/TotallySpiesBusPlan/backend/src/utils/shapesUtilSet.js": {"path":"/Users/siri2001/IdeaProjects/TotallySpiesBusPlan/backend/src/utils/shapesUtilSet.js","statementMap":{"0":{"start":{"line":5,"column":4},"end":{"line":5,"column":55}},"1":{"start":{"line":6,"column":4},"end":{"line":6,"column":45}},"2":{"start":{"line":7,"column":4},"end":{"line":7,"column":43}},"3":{"start":{"line":9,"column":28},"end":{"line":9,"column":32}},"4":{"start":{"line":10,"column":27},"end":{"line":10,"column":31}},"5":{"start":{"line":12,"column":4},"end":{"line":12,"column":72}},"6":{"start":{"line":13,"column":4},"end":{"line":13,"column":70}},"7":{"start":{"line":14,"column":4},"end":{"line":14,"column":54}},"8":{"start":{"line":15,"column":4},"end":{"line":15,"column":52}},"9":{"start":{"line":17,"column":4},"end":{"line":22,"column":5}},"10":{"start":{"line":18,"column":8},"end":{"line":18,"column":84}},"11":{"start":{"line":19,"column":8},"end":{"line":19,"column":82}},"12":{"start":{"line":20,"column":8},"end":{"line":20,"column":58}},"13":{"start":{"line":21,"column":8},"end":{"line":21,"column":56}},"14":{"start":{"line":24,"column":4},"end":{"line":24,"column":61}},"15":{"start":{"line":26,"column":27},"end":{"line":29,"column":5}},"16":{"start":{"line":27,"column":8},"end":{"line":28,"column":73}},"17":{"start":{"line":30,"column":4},"end":{"line":30,"column":48}},"18":{"start":{"line":31,"column":4},"end":{"line":31,"column":59}},"19":{"start":{"line":32,"column":4},"end":{"line":32,"column":26}}},"fnMap":{"0":{"name":"getShapesBetweenStops","decl":{"start":{"line":3,"column":22},"end":{"line":3,"column":43}},"loc":{"start":{"line":3,"column":79},"end":{"line":33,"column":1}},"line":3},"1":{"name":"(anonymous_1)","decl":{"start":{"line":26,"column":41},"end":{"line":26,"column":42}},"loc":{"start":{"line":27,"column":8},"end":{"line":28,"column":73}},"line":27}},"branchMap":{"0":{"loc":{"start":{"line":17,"column":4},"end":{"line":22,"column":5}},"type":"if","locations":[{"start":{"line":17,"column":4},"end":{"line":22,"column":5}},{"start":{},"end":{}}],"line":17},"1":{"loc":{"start":{"line":17,"column":7},"end":{"line":17,"column":46}},"type":"binary-expr","locations":[{"start":{"line":17,"column":7},"end":{"line":17,"column":25}},{"start":{"line":17,"column":29},"end":{"line":17,"column":46}}],"line":17},"2":{"loc":{"start":{"line":27,"column":8},"end":{"line":28,"column":73}},"type":"binary-expr","locations":[{"start":{"line":27,"column":8},"end":{"line":27,"column":74}},{"start":{"line":28,"column":8},"end":{"line":28,"column":73}}],"line":27}},"s":{"0":0,"1":0,"2":0,"3":0,"4":0,"5":0,"6":0,"7":0,"8":0,"9":0,"10":0,"11":0,"12":0,"13":0,"14":0,"15":0,"16":0,"17":0,"18":0,"19":0},"f":{"0":0,"1":0},"b":{"0":[0,0],"1":[0,0],"2":[0,0]},"_coverageSchema":"1a1c01bbd47fc00a2c39e90264f33305004495a9","hash":"e43db42f6a82ff1d450a82164d2afc3f365a24cc"}
,"/Users/siri2001/IdeaProjects/TotallySpiesBusPlan/backend/src/utils/speedCalculator.js": {"path":"/Users/siri2001/IdeaProjects/TotallySpiesBusPlan/backend/src/utils/speedCalculator.js","statementMap":{"0":{"start":{"line":10,"column":2},"end":{"line":19,"column":3}},"1":{"start":{"line":12,"column":23},"end":{"line":12,"column":168}},"2":{"start":{"line":13,"column":29},"end":{"line":13,"column":79}},"3":{"start":{"line":15,"column":4},"end":{"line":15,"column":46}},"4":{"start":{"line":18,"column":4},"end":{"line":18,"column":48}},"5":{"start":{"line":28,"column":4},"end":{"line":60,"column":5}},"6":{"start":{"line":30,"column":32},"end":{"line":30,"column":60}},"7":{"start":{"line":31,"column":33},"end":{"line":31,"column":61}},"8":{"start":{"line":35,"column":33},"end":{"line":35,"column":76}},"9":{"start":{"line":36,"column":34},"end":{"line":36,"column":77}},"10":{"start":{"line":41,"column":25},"end":{"line":45,"column":37}},"11":{"start":{"line":49,"column":31},"end":{"line":49,"column":67}},"12":{"start":{"line":52,"column":8},"end":{"line":54,"column":9}},"13":{"start":{"line":53,"column":12},"end":{"line":53,"column":21}},"14":{"start":{"line":56,"column":8},"end":{"line":56,"column":50}},"15":{"start":{"line":59,"column":8},"end":{"line":59,"column":57}},"16":{"start":{"line":73,"column":22},"end":{"line":73,"column":84}},"17":{"start":{"line":74,"column":4},"end":{"line":74,"column":55}},"18":{"start":{"line":78,"column":22},"end":{"line":78,"column":69}},"19":{"start":{"line":79,"column":4},"end":{"line":79,"column":44}},"20":{"start":{"line":80,"column":25},"end":{"line":80,"column":55}},"21":{"start":{"line":81,"column":4},"end":{"line":81,"column":47}},"22":{"start":{"line":85,"column":4},"end":{"line":110,"column":5}},"23":{"start":{"line":86,"column":26},"end":{"line":86,"column":42}},"24":{"start":{"line":87,"column":32},"end":{"line":87,"column":83}},"25":{"start":{"line":88,"column":8},"end":{"line":88,"column":43}},"26":{"start":{"line":89,"column":8},"end":{"line":89,"column":55}},"27":{"start":{"line":90,"column":8},"end":{"line":90,"column":88}},"28":{"start":{"line":92,"column":8},"end":{"line":105,"column":9}},"29":{"start":{"line":93,"column":12},"end":{"line":93,"column":28}},"30":{"start":{"line":94,"column":12},"end":{"line":94,"column":47}},"31":{"start":{"line":95,"column":12},"end":{"line":95,"column":35}},"32":{"start":{"line":97,"column":12},"end":{"line":97,"column":28}},"33":{"start":{"line":98,"column":12},"end":{"line":104,"column":13}},"34":{"start":{"line":99,"column":16},"end":{"line":99,"column":58}},"35":{"start":{"line":100,"column":16},"end":{"line":100,"column":39}},"36":{"start":{"line":101,"column":19},"end":{"line":104,"column":13}},"37":{"start":{"line":102,"column":16},"end":{"line":102,"column":42}},"38":{"start":{"line":103,"column":16},"end":{"line":103,"column":55}},"39":{"start":{"line":108,"column":8},"end":{"line":108,"column":76}},"40":{"start":{"line":109,"column":8},"end":{"line":109,"column":31}},"41":{"start":{"line":112,"column":4},"end":{"line":115,"column":5}},"42":{"start":{"line":113,"column":8},"end":{"line":113,"column":56}},"43":{"start":{"line":114,"column":8},"end":{"line":114,"column":15}},"44":{"start":{"line":118,"column":26},"end":{"line":118,"column":72}},"45":{"start":{"line":119,"column":4},"end":{"line":119,"column":89}},"46":{"start":{"line":130,"column":4},"end":{"line":137,"column":5}},"47":{"start":{"line":131,"column":25},"end":{"line":131,"column":170}},"48":{"start":{"line":132,"column":38},"end":{"line":132,"column":116}},"49":{"start":{"line":133,"column":36},"end":{"line":133,"column":64}},"50":{"start":{"line":134,"column":8},"end":{"line":134,"column":45}},"51":{"start":{"line":136,"column":8},"end":{"line":136,"column":52}},"52":{"start":{"line":148,"column":22},"end":{"line":148,"column":54}},"53":{"start":{"line":148,"column":32},"end":{"line":148,"column":54}},"54":{"start":{"line":149,"column":22},"end":{"line":149,"column":54}},"55":{"start":{"line":149,"column":32},"end":{"line":149,"column":54}},"56":{"start":{"line":151,"column":21},"end":{"line":151,"column":50}},"57":{"start":{"line":152,"column":21},"end":{"line":152,"column":51}},"58":{"start":{"line":153,"column":20},"end":{"line":153,"column":46}},"59":{"start":{"line":154,"column":20},"end":{"line":154,"column":47}},"60":{"start":{"line":156,"column":24},"end":{"line":156,"column":43}},"61":{"start":{"line":157,"column":24},"end":{"line":157,"column":43}},"62":{"start":{"line":158,"column":23},"end":{"line":158,"column":41}},"63":{"start":{"line":159,"column":23},"end":{"line":159,"column":41}},"64":{"start":{"line":161,"column":14},"end":{"line":161,"column":71}},"65":{"start":{"line":162,"column":14},"end":{"line":163,"column":89}},"66":{"start":{"line":165,"column":4},"end":{"line":165,"column":53}},"67":{"start":{"line":177,"column":17},"end":{"line":177,"column":59}},"68":{"start":{"line":178,"column":4},"end":{"line":178,"column":56}},"69":{"start":{"line":189,"column":22},"end":{"line":189,"column":26}},"70":{"start":{"line":190,"column":27},"end":{"line":190,"column":35}},"71":{"start":{"line":192,"column":4},"end":{"line":198,"column":5}},"72":{"start":{"line":193,"column":25},"end":{"line":193,"column":101}},"73":{"start":{"line":194,"column":8},"end":{"line":197,"column":9}},"74":{"start":{"line":195,"column":12},"end":{"line":195,"column":40}},"75":{"start":{"line":196,"column":12},"end":{"line":196,"column":31}},"76":{"start":{"line":200,"column":4},"end":{"line":200,"column":23}},"77":{"start":{"line":212,"column":14},"end":{"line":212,"column":20}},"78":{"start":{"line":213,"column":15},"end":{"line":213,"column":35}},"79":{"start":{"line":214,"column":15},"end":{"line":214,"column":35}},"80":{"start":{"line":215,"column":15},"end":{"line":215,"column":44}},"81":{"start":{"line":216,"column":19},"end":{"line":216,"column":48}},"82":{"start":{"line":218,"column":14},"end":{"line":220,"column":51}},"83":{"start":{"line":221,"column":14},"end":{"line":221,"column":60}},"84":{"start":{"line":223,"column":4},"end":{"line":223,"column":17}},"85":{"start":{"line":236,"column":14},"end":{"line":236,"column":18}},"86":{"start":{"line":237,"column":17},"end":{"line":237,"column":48}},"87":{"start":{"line":238,"column":17},"end":{"line":238,"column":48}},"88":{"start":{"line":240,"column":8},"end":{"line":244,"column":26}},"89":{"start":{"line":245,"column":14},"end":{"line":245,"column":60}},"90":{"start":{"line":246,"column":4},"end":{"line":246,"column":17}},"91":{"start":{"line":260,"column":27},"end":{"line":260,"column":58}},"92":{"start":{"line":261,"column":25},"end":{"line":261,"column":54}},"93":{"start":{"line":264,"column":25},"end":{"line":264,"column":65}},"94":{"start":{"line":265,"column":4},"end":{"line":267,"column":5}},"95":{"start":{"line":266,"column":8},"end":{"line":266,"column":26}},"96":{"start":{"line":268,"column":4},"end":{"line":268,"column":26}},"97":{"start":{"line":278,"column":4},"end":{"line":281,"column":5}},"98":{"start":{"line":279,"column":8},"end":{"line":279,"column":90}},"99":{"start":{"line":280,"column":8},"end":{"line":280,"column":26}},"100":{"start":{"line":283,"column":38},"end":{"line":283,"column":59}},"101":{"start":{"line":284,"column":17},"end":{"line":284,"column":27}},"102":{"start":{"line":285,"column":4},"end":{"line":285,"column":25}},"103":{"start":{"line":286,"column":4},"end":{"line":286,"column":29}},"104":{"start":{"line":287,"column":4},"end":{"line":287,"column":29}},"105":{"start":{"line":288,"column":4},"end":{"line":288,"column":16}},"106":{"start":{"line":298,"column":18},"end":{"line":298,"column":38}},"107":{"start":{"line":299,"column":16},"end":{"line":299,"column":34}},"108":{"start":{"line":300,"column":4},"end":{"line":300,"column":32}}},"fnMap":{"0":{"name":"calculatorScheduledSpeedAmsterdam","decl":{"start":{"line":9,"column":23},"end":{"line":9,"column":56}},"loc":{"start":{"line":9,"column":85},"end":{"line":20,"column":1}},"line":9},"1":{"name":"realtimeAvgSpeedCalculator","decl":{"start":{"line":27,"column":23},"end":{"line":27,"column":49}},"loc":{"start":{"line":27,"column":68},"end":{"line":61,"column":1}},"line":27},"2":{"name":"calculateScheduledSpeedStockholm","decl":{"start":{"line":72,"column":22},"end":{"line":72,"column":54}},"loc":{"start":{"line":72,"column":99},"end":{"line":121,"column":1}},"line":72},"3":{"name":"calculateScheduledSpeed","decl":{"start":{"line":129,"column":16},"end":{"line":129,"column":39}},"loc":{"start":{"line":129,"column":67},"end":{"line":138,"column":1}},"line":129},"4":{"name":"calculateBearing","decl":{"start":{"line":147,"column":16},"end":{"line":147,"column":32}},"loc":{"start":{"line":147,"column":56},"end":{"line":166,"column":1}},"line":147},"5":{"name":"(anonymous_5)","decl":{"start":{"line":148,"column":22},"end":{"line":148,"column":23}},"loc":{"start":{"line":148,"column":32},"end":{"line":148,"column":54}},"line":148},"6":{"name":"(anonymous_6)","decl":{"start":{"line":149,"column":22},"end":{"line":149,"column":23}},"loc":{"start":{"line":149,"column":32},"end":{"line":149,"column":54}},"line":149},"7":{"name":"isMovingTowards","decl":{"start":{"line":175,"column":16},"end":{"line":175,"column":31}},"loc":{"start":{"line":175,"column":81},"end":{"line":179,"column":1}},"line":175},"8":{"name":"findNearestStop","decl":{"start":{"line":188,"column":16},"end":{"line":188,"column":31}},"loc":{"start":{"line":188,"column":53},"end":{"line":201,"column":1}},"line":188},"9":{"name":"haversineDistance","decl":{"start":{"line":211,"column":16},"end":{"line":211,"column":33}},"loc":{"start":{"line":211,"column":58},"end":{"line":224,"column":1}},"line":211},"10":{"name":"calculateDistance","decl":{"start":{"line":235,"column":17},"end":{"line":235,"column":34}},"loc":{"start":{"line":235,"column":59},"end":{"line":247,"column":1}},"line":235},"11":{"name":"calculateTimeDifference","decl":{"start":{"line":257,"column":17},"end":{"line":257,"column":40}},"loc":{"start":{"line":257,"column":55},"end":{"line":269,"column":1}},"line":257},"12":{"name":"parseTime","decl":{"start":{"line":277,"column":17},"end":{"line":277,"column":26}},"loc":{"start":{"line":277,"column":39},"end":{"line":289,"column":1}},"line":277},"13":{"name":"timeDifferenceInSeconds","decl":{"start":{"line":297,"column":16},"end":{"line":297,"column":39}},"loc":{"start":{"line":297,"column":60},"end":{"line":301,"column":1}},"line":297}},"branchMap":{"0":{"loc":{"start":{"line":52,"column":8},"end":{"line":54,"column":9}},"type":"if","locations":[{"start":{"line":52,"column":8},"end":{"line":54,"column":9}},{"start":{},"end":{}}],"line":52},"1":{"loc":{"start":{"line":85,"column":4},"end":{"line":110,"column":5}},"type":"if","locations":[{"start":{"line":85,"column":4},"end":{"line":110,"column":5}},{"start":{"line":106,"column":11},"end":{"line":110,"column":5}}],"line":85},"2":{"loc":{"start":{"line":92,"column":8},"end":{"line":105,"column":9}},"type":"if","locations":[{"start":{"line":92,"column":8},"end":{"line":105,"column":9}},{"start":{"line":96,"column":15},"end":{"line":105,"column":9}}],"line":92},"3":{"loc":{"start":{"line":98,"column":12},"end":{"line":104,"column":13}},"type":"if","locations":[{"start":{"line":98,"column":12},"end":{"line":104,"column":13}},{"start":{"line":101,"column":19},"end":{"line":104,"column":13}}],"line":98},"4":{"loc":{"start":{"line":101,"column":19},"end":{"line":104,"column":13}},"type":"if","locations":[{"start":{"line":101,"column":19},"end":{"line":104,"column":13}},{"start":{},"end":{}}],"line":101},"5":{"loc":{"start":{"line":108,"column":22},"end":{"line":108,"column":75}},"type":"cond-expr","locations":[{"start":{"line":108,"column":41},"end":{"line":108,"column":68}},{"start":{"line":108,"column":71},"end":{"line":108,"column":75}}],"line":108},"6":{"loc":{"start":{"line":112,"column":4},"end":{"line":115,"column":5}},"type":"if","locations":[{"start":{"line":112,"column":4},"end":{"line":115,"column":5}},{"start":{},"end":{}}],"line":112},"7":{"loc":{"start":{"line":112,"column":8},"end":{"line":112,"column":33}},"type":"binary-expr","locations":[{"start":{"line":112,"column":8},"end":{"line":112,"column":20}},{"start":{"line":112,"column":24},"end":{"line":112,"column":33}}],"line":112},"8":{"loc":{"start":{"line":175,"column":65},"end":{"line":175,"column":79}},"type":"default-arg","locations":[{"start":{"line":175,"column":77},"end":{"line":175,"column":79}}],"line":175},"9":{"loc":{"start":{"line":178,"column":11},"end":{"line":178,"column":55}},"type":"binary-expr","locations":[{"start":{"line":178,"column":11},"end":{"line":178,"column":28}},{"start":{"line":178,"column":32},"end":{"line":178,"column":55}}],"line":178},"10":{"loc":{"start":{"line":194,"column":8},"end":{"line":197,"column":9}},"type":"if","locations":[{"start":{"line":194,"column":8},"end":{"line":197,"column":9}},{"start":{},"end":{}}],"line":194},"11":{"loc":{"start":{"line":265,"column":4},"end":{"line":267,"column":5}},"type":"if","locations":[{"start":{"line":265,"column":4},"end":{"line":267,"column":5}},{"start":{},"end":{}}],"line":265},"12":{"loc":{"start":{"line":278,"column":4},"end":{"line":281,"column":5}},"type":"if","locations":[{"start":{"line":278,"column":4},"end":{"line":281,"column":5}},{"start":{},"end":{}}],"line":278}},"s":{"0":2,"1":2,"2":1,"3":1,"4":1,"5":4,"6":4,"7":3,"8":3,"9":3,"10":3,"11":0,"12":0,"13":0,"14":0,"15":4,"16":0,"17":0,"18":0,"19":0,"20":0,"21":0,"22":0,"23":0,"24":0,"25":0,"26":0,"27":0,"28":0,"29":0,"30":0,"31":0,"32":0,"33":0,"34":0,"35":0,"36":0,"37":0,"38":0,"39":0,"40":0,"41":0,"42":0,"43":0,"44":0,"45":0,"46":0,"47":0,"48":0,"49":0,"50":0,"51":0,"52":0,"53":0,"54":0,"55":0,"56":0,"57":0,"58":0,"59":0,"60":0,"61":0,"62":0,"63":0,"64":0,"65":0,"66":0,"67":0,"68":0,"69":0,"70":0,"71":0,"72":0,"73":0,"74":0,"75":0,"76":0,"77":0,"78":0,"79":0,"80":0,"81":0,"82":0,"83":0,"84":0,"85":1,"86":1,"87":1,"88":1,"89":1,"90":1,"91":1,"92":1,"93":1,"94":1,"95":0,"96":1,"97":2,"98":0,"99":0,"100":2,"101":2,"102":2,"103":2,"104":2,"105":2,"106":0,"107":0,"108":0},"f":{"0":2,"1":4,"2":0,"3":0,"4":0,"5":0,"6":0,"7":0,"8":0,"9":0,"10":1,"11":1,"12":2,"13":0},"b":{"0":[0,0],"1":[0,0],"2":[0,0],"3":[0,0],"4":[0,0],"5":[0,0],"6":[0,0],"7":[0,0],"8":[0],"9":[0,0],"10":[0,0],"11":[0,1],"12":[0,2]},"_coverageSchema":"1a1c01bbd47fc00a2c39e90264f33305004495a9","hash":"240698b5080f70ba1ea9048c3584187f7e2db356"}
,"/Users/siri2001/IdeaProjects/TotallySpiesBusPlan/backend/test/UnitTest/Database/DBTestItem/testItem.js": {"path":"/Users/siri2001/IdeaProjects/TotallySpiesBusPlan/backend/test/UnitTest/Database/DBTestItem/testItem.js","statementMap":{"0":{"start":{"line":3,"column":23},"end":{"line":6,"column":2}},"1":{"start":{"line":8,"column":17},"end":{"line":8,"column":59}}},"fnMap":{},"branchMap":{},"s":{"0":1,"1":1},"f":{},"b":{},"_coverageSchema":"1a1c01bbd47fc00a2c39e90264f33305004495a9","hash":"4280afc0fb47220a95532346f751ec3b7e9fd3cb"}
}
