{"/Users/siri2001/IdeaProjects/TotallySpiesBusPlan/backend/src/DBmodels/busline.js": {"path":"/Users/siri2001/IdeaProjects/TotallySpiesBusPlan/backend/src/DBmodels/busline.js","statementMap":{"0":{"start":{"line":2,"column":15},"end":{"line":2,"column":30}},"1":{"start":{"line":4,"column":23},"end":{"line":18,"column":2}},"2":{"start":{"line":20,"column":20},"end":{"line":26,"column":2}},"3":{"start":{"line":28,"column":20},"end":{"line":35,"column":2}},"4":{"start":{"line":37,"column":19},"end":{"line":43,"column":2}},"5":{"start":{"line":45,"column":20},"end":{"line":51,"column":2}},"6":{"start":{"line":53,"column":17},"end":{"line":53,"column":59}},"7":{"start":{"line":54,"column":14},"end":{"line":54,"column":50}},"8":{"start":{"line":55,"column":14},"end":{"line":55,"column":50}},"9":{"start":{"line":56,"column":13},"end":{"line":56,"column":47}},"10":{"start":{"line":57,"column":14},"end":{"line":57,"column":50}}},"fnMap":{},"branchMap":{},"s":{"0":6,"1":6,"2":6,"3":6,"4":6,"5":6,"6":6,"7":6,"8":6,"9":6,"10":6},"f":{},"b":{},"_coverageSchema":"1a1c01bbd47fc00a2c39e90264f33305004495a9","hash":"bda9a609e0e75005d80fb87af7b92d41cd71e073"}
,"/Users/siri2001/IdeaProjects/TotallySpiesBusPlan/backend/src/DBmodels/segmentSpeedPrediction.js": {"path":"/Users/siri2001/IdeaProjects/TotallySpiesBusPlan/backend/src/DBmodels/segmentSpeedPrediction.js","statementMap":{"0":{"start":{"line":3,"column":37},"end":{"line":12,"column":2}},"1":{"start":{"line":14,"column":31},"end":{"line":14,"column":101}}},"fnMap":{},"branchMap":{},"s":{"0":1,"1":1},"f":{},"b":{},"_coverageSchema":"1a1c01bbd47fc00a2c39e90264f33305004495a9","hash":"4c8b8ae7fbc7d149f9f2061e8b840524e3627533"}
,"/Users/siri2001/IdeaProjects/TotallySpiesBusPlan/backend/src/DBmodels/tripUpdate.js": {"path":"/Users/siri2001/IdeaProjects/TotallySpiesBusPlan/backend/src/DBmodels/tripUpdate.js","statementMap":{"0":{"start":{"line":2,"column":15},"end":{"line":2,"column":30}},"1":{"start":{"line":4,"column":29},"end":{"line":17,"column":2}},"2":{"start":{"line":19,"column":25},"end":{"line":22,"column":2}},"3":{"start":{"line":24,"column":19},"end":{"line":24,"column":65}}},"fnMap":{},"branchMap":{},"s":{"0":3,"1":3,"2":3,"3":3},"f":{},"b":{},"_coverageSchema":"1a1c01bbd47fc00a2c39e90264f33305004495a9","hash":"79a0ac1a161a57bcb9ce78cc0cadd12783f7fb3e"}
,"/Users/siri2001/IdeaProjects/TotallySpiesBusPlan/backend/src/DBmodels/vehiclepositions.js": {"path":"/Users/siri2001/IdeaProjects/TotallySpiesBusPlan/backend/src/DBmodels/vehiclepositions.js","statementMap":{"0":{"start":{"line":2,"column":15},"end":{"line":2,"column":30}},"1":{"start":{"line":4,"column":31},"end":{"line":28,"column":2}},"2":{"start":{"line":30,"column":25},"end":{"line":30,"column":83}}},"fnMap":{},"branchMap":{},"s":{"0":3,"1":3,"2":3},"f":{},"b":{},"_coverageSchema":"1a1c01bbd47fc00a2c39e90264f33305004495a9","hash":"69cd7432ef1d8df4d6cdbe5fcaa4ad6019db36af"}
,"/Users/siri2001/IdeaProjects/TotallySpiesBusPlan/backend/src/gtfs-realtime/AmsterdamVehicleDataProcessor.js": {"path":"/Users/siri2001/IdeaProjects/TotallySpiesBusPlan/backend/src/gtfs-realtime/AmsterdamVehicleDataProcessor.js","statementMap":{"0":{"start":{"line":9,"column":8},"end":{"line":31,"column":11}},"1":{"start":{"line":36,"column":33},"end":{"line":39,"column":9}},"2":{"start":{"line":40,"column":32},"end":{"line":40,"column":106}},"3":{"start":{"line":43,"column":22},"end":{"line":43,"column":71}},"4":{"start":{"line":44,"column":8},"end":{"line":58,"column":9}},"5":{"start":{"line":46,"column":32},"end":{"line":50,"column":13}},"6":{"start":{"line":52,"column":31},"end":{"line":52,"column":81}},"7":{"start":{"line":54,"column":12},"end":{"line":54,"column":69}},"8":{"start":{"line":55,"column":12},"end":{"line":55,"column":81}},"9":{"start":{"line":56,"column":12},"end":{"line":56,"column":85}},"10":{"start":{"line":57,"column":12},"end":{"line":57,"column":83}},"11":{"start":{"line":59,"column":8},"end":{"line":59,"column":97}},"12":{"start":{"line":60,"column":8},"end":{"line":60,"column":99}},"13":{"start":{"line":61,"column":8},"end":{"line":61,"column":87}},"14":{"start":{"line":62,"column":8},"end":{"line":62,"column":89}},"15":{"start":{"line":63,"column":8},"end":{"line":63,"column":77}},"16":{"start":{"line":64,"column":8},"end":{"line":64,"column":85}},"17":{"start":{"line":65,"column":8},"end":{"line":65,"column":73}},"18":{"start":{"line":66,"column":8},"end":{"line":66,"column":58}},"19":{"start":{"line":71,"column":8},"end":{"line":71,"column":55}},"20":{"start":{"line":72,"column":29},"end":{"line":76,"column":10}},"21":{"start":{"line":77,"column":8},"end":{"line":77,"column":27}},"22":{"start":{"line":82,"column":8},"end":{"line":82,"column":81}}},"fnMap":{"0":{"name":"(anonymous_0)","decl":{"start":{"line":8,"column":4},"end":{"line":8,"column":5}},"loc":{"start":{"line":8,"column":54},"end":{"line":32,"column":5}},"line":8},"1":{"name":"(anonymous_1)","decl":{"start":{"line":33,"column":4},"end":{"line":33,"column":5}},"loc":{"start":{"line":33,"column":65},"end":{"line":68,"column":5}},"line":33},"2":{"name":"(anonymous_2)","decl":{"start":{"line":70,"column":4},"end":{"line":70,"column":5}},"loc":{"start":{"line":70,"column":41},"end":{"line":78,"column":5}},"line":70},"3":{"name":"(anonymous_3)","decl":{"start":{"line":81,"column":4},"end":{"line":81,"column":5}},"loc":{"start":{"line":81,"column":46},"end":{"line":83,"column":5}},"line":81}},"branchMap":{"0":{"loc":{"start":{"line":13,"column":23},"end":{"line":13,"column":62}},"type":"binary-expr","locations":[{"start":{"line":13,"column":23},"end":{"line":13,"column":48}},{"start":{"line":13,"column":52},"end":{"line":13,"column":62}}],"line":13},"1":{"loc":{"start":{"line":44,"column":8},"end":{"line":58,"column":9}},"type":"if","locations":[{"start":{"line":44,"column":8},"end":{"line":58,"column":9}},{"start":{},"end":{}}],"line":44},"2":{"loc":{"start":{"line":44,"column":12},"end":{"line":44,"column":177}},"type":"binary-expr","locations":[{"start":{"line":44,"column":12},"end":{"line":44,"column":92}},{"start":{"line":44,"column":96},"end":{"line":44,"column":177}}],"line":44},"3":{"loc":{"start":{"line":63,"column":37},"end":{"line":63,"column":76}},"type":"binary-expr","locations":[{"start":{"line":63,"column":37},"end":{"line":63,"column":62}},{"start":{"line":63,"column":66},"end":{"line":63,"column":76}}],"line":63}},"s":{"0":1,"1":1,"2":1,"3":1,"4":1,"5":1,"6":1,"7":1,"8":1,"9":1,"10":1,"11":1,"12":1,"13":1,"14":1,"15":1,"16":1,"17":1,"18":1,"19":1,"20":1,"21":1,"22":1},"f":{"0":1,"1":1,"2":1,"3":1},"b":{"0":[1,0],"1":[1,0],"2":[1,0],"3":[1,0]},"_coverageSchema":"1a1c01bbd47fc00a2c39e90264f33305004495a9","hash":"8593b7da05bc3420630fa62a16075dfdd1c34a3e"}
,"/Users/siri2001/IdeaProjects/TotallySpiesBusPlan/backend/src/gtfs-realtime/IVehicleDataProcessor.js": {"path":"/Users/siri2001/IdeaProjects/TotallySpiesBusPlan/backend/src/gtfs-realtime/IVehicleDataProcessor.js","statementMap":{"0":{"start":{"line":3,"column":8},"end":{"line":3,"column":67}},"1":{"start":{"line":6,"column":8},"end":{"line":6,"column":67}}},"fnMap":{"0":{"name":"(anonymous_0)","decl":{"start":{"line":2,"column":4},"end":{"line":2,"column":5}},"loc":{"start":{"line":2,"column":57},"end":{"line":4,"column":5}},"line":2},"1":{"name":"(anonymous_1)","decl":{"start":{"line":5,"column":4},"end":{"line":5,"column":5}},"loc":{"start":{"line":5,"column":58},"end":{"line":7,"column":5}},"line":5}},"branchMap":{},"s":{"0":1,"1":1},"f":{"0":1,"1":1},"b":{},"_coverageSchema":"1a1c01bbd47fc00a2c39e90264f33305004495a9","hash":"5ffced91511699192161b22a4796b1e047795f5f"}
,"/Users/siri2001/IdeaProjects/TotallySpiesBusPlan/backend/src/gtfs-realtime/StockholmVehicleDataProcessor.js": {"path":"/Users/siri2001/IdeaProjects/TotallySpiesBusPlan/backend/src/gtfs-realtime/StockholmVehicleDataProcessor.js","statementMap":{"0":{"start":{"line":9,"column":8},"end":{"line":24,"column":10}},"1":{"start":{"line":27,"column":8},"end":{"line":27,"column":39}},"2":{"start":{"line":28,"column":8},"end":{"line":28,"column":58}},"3":{"start":{"line":29,"column":8},"end":{"line":29,"column":77}},"4":{"start":{"line":30,"column":8},"end":{"line":30,"column":87}},"5":{"start":{"line":31,"column":8},"end":{"line":31,"column":89}},"6":{"start":{"line":32,"column":8},"end":{"line":32,"column":65}},"7":{"start":{"line":34,"column":8},"end":{"line":34,"column":61}},"8":{"start":{"line":35,"column":8},"end":{"line":35,"column":59}},"9":{"start":{"line":36,"column":38},"end":{"line":41,"column":45}},"10":{"start":{"line":42,"column":8},"end":{"line":42,"column":68}},"11":{"start":{"line":43,"column":8},"end":{"line":43,"column":88}},"12":{"start":{"line":44,"column":8},"end":{"line":44,"column":87}},"13":{"start":{"line":45,"column":8},"end":{"line":45,"column":91}},"14":{"start":{"line":49,"column":8},"end":{"line":49,"column":55}},"15":{"start":{"line":50,"column":8},"end":{"line":54,"column":10}},"16":{"start":{"line":59,"column":8},"end":{"line":59,"column":81}}},"fnMap":{"0":{"name":"(anonymous_0)","decl":{"start":{"line":8,"column":4},"end":{"line":8,"column":5}},"loc":{"start":{"line":8,"column":54},"end":{"line":25,"column":5}},"line":8},"1":{"name":"(anonymous_1)","decl":{"start":{"line":26,"column":4},"end":{"line":26,"column":5}},"loc":{"start":{"line":26,"column":65},"end":{"line":46,"column":5}},"line":26},"2":{"name":"(anonymous_2)","decl":{"start":{"line":48,"column":4},"end":{"line":48,"column":5}},"loc":{"start":{"line":48,"column":41},"end":{"line":55,"column":9}},"line":48},"3":{"name":"(anonymous_3)","decl":{"start":{"line":58,"column":4},"end":{"line":58,"column":5}},"loc":{"start":{"line":58,"column":46},"end":{"line":60,"column":5}},"line":58}},"branchMap":{"0":{"loc":{"start":{"line":13,"column":23},"end":{"line":13,"column":62}},"type":"binary-expr","locations":[{"start":{"line":13,"column":23},"end":{"line":13,"column":48}},{"start":{"line":13,"column":52},"end":{"line":13,"column":62}}],"line":13},"1":{"loc":{"start":{"line":29,"column":37},"end":{"line":29,"column":76}},"type":"binary-expr","locations":[{"start":{"line":29,"column":37},"end":{"line":29,"column":62}},{"start":{"line":29,"column":66},"end":{"line":29,"column":76}}],"line":29}},"s":{"0":1,"1":1,"2":1,"3":1,"4":1,"5":1,"6":1,"7":1,"8":1,"9":1,"10":1,"11":1,"12":1,"13":1,"14":1,"15":1,"16":1},"f":{"0":1,"1":1,"2":1,"3":1},"b":{"0":[1,0],"1":[1,0]},"_coverageSchema":"1a1c01bbd47fc00a2c39e90264f33305004495a9","hash":"fa5d21f292375c7089a083ae35b7e76c3a4a41c9"}
,"/Users/siri2001/IdeaProjects/TotallySpiesBusPlan/backend/src/queryData/fetchAverageSpeed.js": {"path":"/Users/siri2001/IdeaProjects/TotallySpiesBusPlan/backend/src/queryData/fetchAverageSpeed.js","statementMap":{"0":{"start":{"line":15,"column":18},"end":{"line":15,"column":78}},"1":{"start":{"line":16,"column":4},"end":{"line":18,"column":5}},"2":{"start":{"line":17,"column":8},"end":{"line":17,"column":64}},"3":{"start":{"line":20,"column":17},"end":{"line":20,"column":60}},"4":{"start":{"line":20,"column":39},"end":{"line":20,"column":59}},"5":{"start":{"line":21,"column":4},"end":{"line":23,"column":5}},"6":{"start":{"line":22,"column":8},"end":{"line":22,"column":74}},"7":{"start":{"line":25,"column":28},"end":{"line":25,"column":114}},"8":{"start":{"line":26,"column":4},"end":{"line":28,"column":5}},"9":{"start":{"line":27,"column":8},"end":{"line":27,"column":76}},"10":{"start":{"line":31,"column":4},"end":{"line":38,"column":5}},"11":{"start":{"line":32,"column":8},"end":{"line":32,"column":32}},"12":{"start":{"line":33,"column":8},"end":{"line":33,"column":114}},"13":{"start":{"line":35,"column":9},"end":{"line":38,"column":5}},"14":{"start":{"line":36,"column":8},"end":{"line":36,"column":118}},"15":{"start":{"line":37,"column":8},"end":{"line":37,"column":28}},"16":{"start":{"line":41,"column":4},"end":{"line":52,"column":5}},"17":{"start":{"line":42,"column":8},"end":{"line":42,"column":96}},"18":{"start":{"line":44,"column":28},"end":{"line":44,"column":43}},"19":{"start":{"line":45,"column":29},"end":{"line":45,"column":45}},"20":{"start":{"line":46,"column":8},"end":{"line":46,"column":56}},"21":{"start":{"line":47,"column":11},"end":{"line":52,"column":5}},"22":{"start":{"line":48,"column":29},"end":{"line":48,"column":44}},"23":{"start":{"line":49,"column":28},"end":{"line":49,"column":40}},"24":{"start":{"line":50,"column":8},"end":{"line":50,"column":92}},"25":{"start":{"line":51,"column":8},"end":{"line":51,"column":55}}},"fnMap":{"0":{"name":"fetchAverageSpeed","decl":{"start":{"line":12,"column":22},"end":{"line":12,"column":39}},"loc":{"start":{"line":12,"column":71},"end":{"line":54,"column":1}},"line":12},"1":{"name":"(anonymous_1)","decl":{"start":{"line":20,"column":34},"end":{"line":20,"column":35}},"loc":{"start":{"line":20,"column":39},"end":{"line":20,"column":59}},"line":20}},"branchMap":{"0":{"loc":{"start":{"line":16,"column":4},"end":{"line":18,"column":5}},"type":"if","locations":[{"start":{"line":16,"column":4},"end":{"line":18,"column":5}},{"start":{},"end":{}}],"line":16},"1":{"loc":{"start":{"line":21,"column":4},"end":{"line":23,"column":5}},"type":"if","locations":[{"start":{"line":21,"column":4},"end":{"line":23,"column":5}},{"start":{},"end":{}}],"line":21},"2":{"loc":{"start":{"line":26,"column":4},"end":{"line":28,"column":5}},"type":"if","locations":[{"start":{"line":26,"column":4},"end":{"line":28,"column":5}},{"start":{},"end":{}}],"line":26},"3":{"loc":{"start":{"line":31,"column":4},"end":{"line":38,"column":5}},"type":"if","locations":[{"start":{"line":31,"column":4},"end":{"line":38,"column":5}},{"start":{"line":35,"column":9},"end":{"line":38,"column":5}}],"line":31},"4":{"loc":{"start":{"line":35,"column":9},"end":{"line":38,"column":5}},"type":"if","locations":[{"start":{"line":35,"column":9},"end":{"line":38,"column":5}},{"start":{},"end":{}}],"line":35},"5":{"loc":{"start":{"line":35,"column":13},"end":{"line":35,"column":71}},"type":"binary-expr","locations":[{"start":{"line":35,"column":13},"end":{"line":35,"column":29}},{"start":{"line":35,"column":33},"end":{"line":35,"column":71}}],"line":35},"6":{"loc":{"start":{"line":41,"column":4},"end":{"line":52,"column":5}},"type":"if","locations":[{"start":{"line":41,"column":4},"end":{"line":52,"column":5}},{"start":{"line":47,"column":11},"end":{"line":52,"column":5}}],"line":41},"7":{"loc":{"start":{"line":47,"column":11},"end":{"line":52,"column":5}},"type":"if","locations":[{"start":{"line":47,"column":11},"end":{"line":52,"column":5}},{"start":{},"end":{}}],"line":47}},"s":{"0":5,"1":5,"2":1,"3":4,"4":4,"5":4,"6":1,"7":3,"8":3,"9":1,"10":2,"11":1,"12":1,"13":1,"14":1,"15":1,"16":2,"17":1,"18":1,"19":1,"20":1,"21":1,"22":1,"23":1,"24":1,"25":1},"f":{"0":5,"1":4},"b":{"0":[1,4],"1":[1,3],"2":[1,2],"3":[1,1],"4":[1,0],"5":[1,1],"6":[1,1],"7":[1,0]},"_coverageSchema":"1a1c01bbd47fc00a2c39e90264f33305004495a9","hash":"79d122863167a31f6f6de37e2feb1ef90eade623"}
,"/Users/siri2001/IdeaProjects/TotallySpiesBusPlan/backend/src/queryData/queryDbData.js": {"path":"/Users/siri2001/IdeaProjects/TotallySpiesBusPlan/backend/src/queryData/queryDbData.js","statementMap":{"0":{"start":{"line":15,"column":4},"end":{"line":15,"column":46}},"1":{"start":{"line":23,"column":4},"end":{"line":23,"column":45}},"2":{"start":{"line":28,"column":18},"end":{"line":28,"column":76}},"3":{"start":{"line":29,"column":4},"end":{"line":31,"column":5}},"4":{"start":{"line":30,"column":8},"end":{"line":30,"column":64}},"5":{"start":{"line":32,"column":23},"end":{"line":32,"column":32}},"6":{"start":{"line":33,"column":27},"end":{"line":33,"column":78}},"7":{"start":{"line":34,"column":4},"end":{"line":37,"column":5}},"8":{"start":{"line":35,"column":21},"end":{"line":35,"column":50}},"9":{"start":{"line":36,"column":8},"end":{"line":36,"column":73}},"10":{"start":{"line":41,"column":17},"end":{"line":41,"column":115}},"11":{"start":{"line":42,"column":3},"end":{"line":44,"column":4}},"12":{"start":{"line":43,"column":4},"end":{"line":43,"column":59}},"13":{"start":{"line":45,"column":4},"end":{"line":45,"column":55}},"14":{"start":{"line":46,"column":4},"end":{"line":46,"column":75}},"15":{"start":{"line":49,"column":19},"end":{"line":49,"column":30}},"16":{"start":{"line":50,"column":29},"end":{"line":50,"column":73}},"17":{"start":{"line":51,"column":28},"end":{"line":51,"column":71}},"18":{"start":{"line":52,"column":28},"end":{"line":52,"column":98}},"19":{"start":{"line":55,"column":23},"end":{"line":55,"column":72}},"20":{"start":{"line":56,"column":27},"end":{"line":56,"column":73}},"21":{"start":{"line":59,"column":35},"end":{"line":59,"column":135}},"22":{"start":{"line":62,"column":3},"end":{"line":62,"column":169}}},"fnMap":{"0":{"name":"getBusAllBuslineAmsterdam","decl":{"start":{"line":14,"column":22},"end":{"line":14,"column":47}},"loc":{"start":{"line":14,"column":49},"end":{"line":16,"column":1}},"line":14},"1":{"name":"getBusAllBuslineStockholm","decl":{"start":{"line":22,"column":22},"end":{"line":22,"column":47}},"loc":{"start":{"line":22,"column":49},"end":{"line":24,"column":1}},"line":22},"2":{"name":"getBusDetails","decl":{"start":{"line":27,"column":22},"end":{"line":27,"column":35}},"loc":{"start":{"line":27,"column":44},"end":{"line":63,"column":1}},"line":27}},"branchMap":{"0":{"loc":{"start":{"line":29,"column":4},"end":{"line":31,"column":5}},"type":"if","locations":[{"start":{"line":29,"column":4},"end":{"line":31,"column":5}},{"start":{},"end":{}}],"line":29},"1":{"loc":{"start":{"line":34,"column":4},"end":{"line":37,"column":5}},"type":"if","locations":[{"start":{"line":34,"column":4},"end":{"line":37,"column":5}},{"start":{},"end":{}}],"line":34},"2":{"loc":{"start":{"line":42,"column":3},"end":{"line":44,"column":4}},"type":"if","locations":[{"start":{"line":42,"column":3},"end":{"line":44,"column":4}},{"start":{},"end":{}}],"line":42},"3":{"loc":{"start":{"line":56,"column":27},"end":{"line":56,"column":73}},"type":"cond-expr","locations":[{"start":{"line":56,"column":40},"end":{"line":56,"column":66}},{"start":{"line":56,"column":69},"end":{"line":56,"column":73}}],"line":56}},"s":{"0":2,"1":2,"2":3,"3":2,"4":0,"5":2,"6":2,"7":2,"8":1,"9":1,"10":1,"11":1,"12":0,"13":1,"14":1,"15":1,"16":1,"17":1,"18":1,"19":1,"20":1,"21":1,"22":1},"f":{"0":2,"1":2,"2":3},"b":{"0":[0,2],"1":[1,1],"2":[0,1],"3":[0,1]},"_coverageSchema":"1a1c01bbd47fc00a2c39e90264f33305004495a9","hash":"2b2f9909f31ce803e9098a96c26cbcb711338e35"}
,"/Users/siri2001/IdeaProjects/TotallySpiesBusPlan/backend/src/utils/calculateUtil.js": {"path":"/Users/siri2001/IdeaProjects/TotallySpiesBusPlan/backend/src/utils/calculateUtil.js","statementMap":{"0":{"start":{"line":9,"column":22},"end":{"line":9,"column":54}},"1":{"start":{"line":9,"column":32},"end":{"line":9,"column":54}},"2":{"start":{"line":10,"column":22},"end":{"line":10,"column":54}},"3":{"start":{"line":10,"column":32},"end":{"line":10,"column":54}},"4":{"start":{"line":12,"column":21},"end":{"line":12,"column":50}},"5":{"start":{"line":13,"column":21},"end":{"line":13,"column":51}},"6":{"start":{"line":14,"column":20},"end":{"line":14,"column":46}},"7":{"start":{"line":15,"column":20},"end":{"line":15,"column":47}},"8":{"start":{"line":17,"column":24},"end":{"line":17,"column":43}},"9":{"start":{"line":18,"column":24},"end":{"line":18,"column":43}},"10":{"start":{"line":19,"column":23},"end":{"line":19,"column":41}},"11":{"start":{"line":20,"column":23},"end":{"line":20,"column":41}},"12":{"start":{"line":22,"column":14},"end":{"line":22,"column":71}},"13":{"start":{"line":23,"column":14},"end":{"line":24,"column":89}},"14":{"start":{"line":26,"column":4},"end":{"line":26,"column":53}},"15":{"start":{"line":39,"column":17},"end":{"line":39,"column":59}},"16":{"start":{"line":40,"column":4},"end":{"line":40,"column":56}},"17":{"start":{"line":53,"column":14},"end":{"line":53,"column":20}},"18":{"start":{"line":54,"column":15},"end":{"line":54,"column":35}},"19":{"start":{"line":55,"column":15},"end":{"line":55,"column":35}},"20":{"start":{"line":56,"column":15},"end":{"line":56,"column":44}},"21":{"start":{"line":57,"column":19},"end":{"line":57,"column":48}},"22":{"start":{"line":59,"column":14},"end":{"line":61,"column":51}},"23":{"start":{"line":62,"column":14},"end":{"line":62,"column":60}},"24":{"start":{"line":64,"column":4},"end":{"line":64,"column":17}},"25":{"start":{"line":77,"column":14},"end":{"line":77,"column":18}},"26":{"start":{"line":78,"column":17},"end":{"line":78,"column":48}},"27":{"start":{"line":79,"column":17},"end":{"line":79,"column":48}},"28":{"start":{"line":81,"column":8},"end":{"line":85,"column":26}},"29":{"start":{"line":86,"column":14},"end":{"line":86,"column":60}},"30":{"start":{"line":87,"column":4},"end":{"line":87,"column":17}},"31":{"start":{"line":101,"column":27},"end":{"line":101,"column":58}},"32":{"start":{"line":102,"column":25},"end":{"line":102,"column":54}},"33":{"start":{"line":105,"column":25},"end":{"line":105,"column":65}},"34":{"start":{"line":106,"column":4},"end":{"line":108,"column":5}},"35":{"start":{"line":107,"column":8},"end":{"line":107,"column":26}},"36":{"start":{"line":109,"column":4},"end":{"line":109,"column":26}},"37":{"start":{"line":119,"column":4},"end":{"line":122,"column":5}},"38":{"start":{"line":120,"column":8},"end":{"line":120,"column":90}},"39":{"start":{"line":121,"column":8},"end":{"line":121,"column":26}},"40":{"start":{"line":124,"column":38},"end":{"line":124,"column":59}},"41":{"start":{"line":125,"column":17},"end":{"line":125,"column":27}},"42":{"start":{"line":126,"column":4},"end":{"line":126,"column":25}},"43":{"start":{"line":127,"column":4},"end":{"line":127,"column":29}},"44":{"start":{"line":128,"column":4},"end":{"line":128,"column":29}},"45":{"start":{"line":129,"column":4},"end":{"line":129,"column":16}},"46":{"start":{"line":139,"column":18},"end":{"line":139,"column":38}},"47":{"start":{"line":140,"column":16},"end":{"line":140,"column":34}},"48":{"start":{"line":141,"column":4},"end":{"line":141,"column":32}}},"fnMap":{"0":{"name":"calculateBearing","decl":{"start":{"line":8,"column":16},"end":{"line":8,"column":32}},"loc":{"start":{"line":8,"column":56},"end":{"line":27,"column":1}},"line":8},"1":{"name":"(anonymous_1)","decl":{"start":{"line":9,"column":22},"end":{"line":9,"column":23}},"loc":{"start":{"line":9,"column":32},"end":{"line":9,"column":54}},"line":9},"2":{"name":"(anonymous_2)","decl":{"start":{"line":10,"column":22},"end":{"line":10,"column":23}},"loc":{"start":{"line":10,"column":32},"end":{"line":10,"column":54}},"line":10},"3":{"name":"isMovingTowards","decl":{"start":{"line":37,"column":16},"end":{"line":37,"column":31}},"loc":{"start":{"line":37,"column":81},"end":{"line":41,"column":1}},"line":37},"4":{"name":"haversineDistance","decl":{"start":{"line":52,"column":16},"end":{"line":52,"column":33}},"loc":{"start":{"line":52,"column":58},"end":{"line":65,"column":1}},"line":52},"5":{"name":"calculateDistance","decl":{"start":{"line":76,"column":16},"end":{"line":76,"column":33}},"loc":{"start":{"line":76,"column":58},"end":{"line":88,"column":1}},"line":76},"6":{"name":"calculateTimeDifference","decl":{"start":{"line":98,"column":16},"end":{"line":98,"column":39}},"loc":{"start":{"line":98,"column":54},"end":{"line":110,"column":1}},"line":98},"7":{"name":"parseTime","decl":{"start":{"line":118,"column":16},"end":{"line":118,"column":25}},"loc":{"start":{"line":118,"column":38},"end":{"line":130,"column":1}},"line":118},"8":{"name":"timeDifferenceInSeconds","decl":{"start":{"line":138,"column":16},"end":{"line":138,"column":39}},"loc":{"start":{"line":138,"column":60},"end":{"line":142,"column":1}},"line":138}},"branchMap":{"0":{"loc":{"start":{"line":37,"column":65},"end":{"line":37,"column":79}},"type":"default-arg","locations":[{"start":{"line":37,"column":77},"end":{"line":37,"column":79}}],"line":37},"1":{"loc":{"start":{"line":40,"column":11},"end":{"line":40,"column":55}},"type":"binary-expr","locations":[{"start":{"line":40,"column":11},"end":{"line":40,"column":28}},{"start":{"line":40,"column":32},"end":{"line":40,"column":55}}],"line":40},"2":{"loc":{"start":{"line":106,"column":4},"end":{"line":108,"column":5}},"type":"if","locations":[{"start":{"line":106,"column":4},"end":{"line":108,"column":5}},{"start":{},"end":{}}],"line":106},"3":{"loc":{"start":{"line":119,"column":4},"end":{"line":122,"column":5}},"type":"if","locations":[{"start":{"line":119,"column":4},"end":{"line":122,"column":5}},{"start":{},"end":{}}],"line":119}},"s":{"0":1,"1":4,"2":1,"3":1,"4":1,"5":1,"6":1,"7":1,"8":1,"9":1,"10":1,"11":1,"12":1,"13":1,"14":1,"15":3,"16":3,"17":4,"18":4,"19":4,"20":4,"21":4,"22":4,"23":4,"24":4,"25":3,"26":3,"27":3,"28":3,"29":3,"30":3,"31":3,"32":3,"33":3,"34":3,"35":1,"36":3,"37":21,"38":2,"39":2,"40":19,"41":19,"42":19,"43":19,"44":19,"45":19,"46":6,"47":6,"48":6},"f":{"0":1,"1":4,"2":1,"3":3,"4":4,"5":3,"6":3,"7":21,"8":6},"b":{"0":[0],"1":[3,2],"2":[1,2],"3":[2,19]},"_coverageSchema":"1a1c01bbd47fc00a2c39e90264f33305004495a9","hash":"7634f6041fc20bb9e17043a646a777a937eaa125"}
,"/Users/siri2001/IdeaProjects/TotallySpiesBusPlan/backend/src/utils/congestionLevel.js": {"path":"/Users/siri2001/IdeaProjects/TotallySpiesBusPlan/backend/src/utils/congestionLevel.js","statementMap":{"0":{"start":{"line":12,"column":24},"end":{"line":12,"column":111}},"1":{"start":{"line":13,"column":26},"end":{"line":13,"column":48}},"2":{"start":{"line":14,"column":25},"end":{"line":14,"column":49}},"3":{"start":{"line":15,"column":24},"end":{"line":15,"column":47}},"4":{"start":{"line":16,"column":28},"end":{"line":16,"column":87}},"5":{"start":{"line":17,"column":4},"end":{"line":17,"column":121}},"6":{"start":{"line":31,"column":24},"end":{"line":31,"column":107}},"7":{"start":{"line":32,"column":4},"end":{"line":36,"column":5}}},"fnMap":{"0":{"name":"congestionLevel","decl":{"start":{"line":11,"column":22},"end":{"line":11,"column":37}},"loc":{"start":{"line":11,"column":64},"end":{"line":19,"column":1}},"line":11},"1":{"name":"congestionLevelStockholm","decl":{"start":{"line":30,"column":22},"end":{"line":30,"column":46}},"loc":{"start":{"line":30,"column":98},"end":{"line":37,"column":1}},"line":30}},"branchMap":{},"s":{"0":1,"1":1,"2":1,"3":1,"4":1,"5":1,"6":1,"7":1},"f":{"0":1,"1":1},"b":{},"_coverageSchema":"1a1c01bbd47fc00a2c39e90264f33305004495a9","hash":"6275937b5ab7629f83779ca05791d5158a672040"}
,"/Users/siri2001/IdeaProjects/TotallySpiesBusPlan/backend/src/utils/enum.js": {"path":"/Users/siri2001/IdeaProjects/TotallySpiesBusPlan/backend/src/utils/enum.js","statementMap":{"0":{"start":{"line":1,"column":13},"end":{"line":3,"column":1}},"1":{"start":{"line":5,"column":22},"end":{"line":8,"column":1}}},"fnMap":{},"branchMap":{},"s":{"0":1,"1":1},"f":{},"b":{},"_coverageSchema":"1a1c01bbd47fc00a2c39e90264f33305004495a9","hash":"1dd816fd2bbab2eb23f5b3e87d188cb0207ff27b"}
,"/Users/siri2001/IdeaProjects/TotallySpiesBusPlan/backend/src/utils/level.js": {"path":"/Users/siri2001/IdeaProjects/TotallySpiesBusPlan/backend/src/utils/level.js","statementMap":{"0":{"start":{"line":8,"column":4},"end":{"line":14,"column":5}},"1":{"start":{"line":9,"column":8},"end":{"line":9,"column":17}},"2":{"start":{"line":10,"column":11},"end":{"line":14,"column":5}},"3":{"start":{"line":11,"column":8},"end":{"line":11,"column":17}},"4":{"start":{"line":13,"column":8},"end":{"line":13,"column":17}}},"fnMap":{"0":{"name":"level","decl":{"start":{"line":7,"column":16},"end":{"line":7,"column":21}},"loc":{"start":{"line":7,"column":53},"end":{"line":15,"column":1}},"line":7}},"branchMap":{"0":{"loc":{"start":{"line":8,"column":4},"end":{"line":14,"column":5}},"type":"if","locations":[{"start":{"line":8,"column":4},"end":{"line":14,"column":5}},{"start":{"line":10,"column":11},"end":{"line":14,"column":5}}],"line":8},"1":{"loc":{"start":{"line":10,"column":11},"end":{"line":14,"column":5}},"type":"if","locations":[{"start":{"line":10,"column":11},"end":{"line":14,"column":5}},{"start":{"line":12,"column":11},"end":{"line":14,"column":5}}],"line":10}},"s":{"0":4,"1":1,"2":3,"3":1,"4":2},"f":{"0":4},"b":{"0":[1,3],"1":[1,2]},"_coverageSchema":"1a1c01bbd47fc00a2c39e90264f33305004495a9","hash":"6d2cbe60d66df6924bcb911f2ff42d37301e9542"}
,"/Users/siri2001/IdeaProjects/TotallySpiesBusPlan/backend/src/utils/querydataUtil.js": {"path":"/Users/siri2001/IdeaProjects/TotallySpiesBusPlan/backend/src/utils/querydataUtil.js","statementMap":{"0":{"start":{"line":9,"column":4},"end":{"line":9,"column":89}}},"fnMap":{"0":{"name":"handleInactivity","decl":{"start":{"line":8,"column":22},"end":{"line":8,"column":38}},"loc":{"start":{"line":8,"column":46},"end":{"line":10,"column":1}},"line":8}},"branchMap":{},"s":{"0":1},"f":{"0":1},"b":{},"_coverageSchema":"1a1c01bbd47fc00a2c39e90264f33305004495a9","hash":"c33ce3021a0a9d2be26435f5d7a0c29ee9594f16"}
,"/Users/siri2001/IdeaProjects/TotallySpiesBusPlan/backend/src/utils/shapesUtilSet.js": {"path":"/Users/siri2001/IdeaProjects/TotallySpiesBusPlan/backend/src/utils/shapesUtilSet.js","statementMap":{"0":{"start":{"line":5,"column":4},"end":{"line":5,"column":55}},"1":{"start":{"line":6,"column":4},"end":{"line":6,"column":45}},"2":{"start":{"line":7,"column":4},"end":{"line":7,"column":43}},"3":{"start":{"line":9,"column":28},"end":{"line":9,"column":32}},"4":{"start":{"line":10,"column":27},"end":{"line":10,"column":31}},"5":{"start":{"line":12,"column":8},"end":{"line":12,"column":76}},"6":{"start":{"line":13,"column":8},"end":{"line":13,"column":74}},"7":{"start":{"line":14,"column":8},"end":{"line":14,"column":59}},"8":{"start":{"line":15,"column":8},"end":{"line":15,"column":57}},"9":{"start":{"line":17,"column":4},"end":{"line":22,"column":5}},"10":{"start":{"line":18,"column":8},"end":{"line":18,"column":84}},"11":{"start":{"line":19,"column":8},"end":{"line":19,"column":82}},"12":{"start":{"line":20,"column":8},"end":{"line":20,"column":58}},"13":{"start":{"line":21,"column":8},"end":{"line":21,"column":56}},"14":{"start":{"line":24,"column":4},"end":{"line":24,"column":61}},"15":{"start":{"line":26,"column":27},"end":{"line":29,"column":5}},"16":{"start":{"line":27,"column":8},"end":{"line":28,"column":73}},"17":{"start":{"line":30,"column":4},"end":{"line":30,"column":48}},"18":{"start":{"line":31,"column":4},"end":{"line":31,"column":59}},"19":{"start":{"line":32,"column":4},"end":{"line":32,"column":26}}},"fnMap":{"0":{"name":"getShapesBetweenStops","decl":{"start":{"line":3,"column":22},"end":{"line":3,"column":43}},"loc":{"start":{"line":3,"column":79},"end":{"line":33,"column":1}},"line":3},"1":{"name":"(anonymous_1)","decl":{"start":{"line":26,"column":41},"end":{"line":26,"column":42}},"loc":{"start":{"line":27,"column":8},"end":{"line":28,"column":73}},"line":27}},"branchMap":{"0":{"loc":{"start":{"line":17,"column":4},"end":{"line":22,"column":5}},"type":"if","locations":[{"start":{"line":17,"column":4},"end":{"line":22,"column":5}},{"start":{},"end":{}}],"line":17},"1":{"loc":{"start":{"line":17,"column":7},"end":{"line":17,"column":46}},"type":"binary-expr","locations":[{"start":{"line":17,"column":7},"end":{"line":17,"column":25}},{"start":{"line":17,"column":29},"end":{"line":17,"column":46}}],"line":17},"2":{"loc":{"start":{"line":27,"column":8},"end":{"line":28,"column":73}},"type":"binary-expr","locations":[{"start":{"line":27,"column":8},"end":{"line":27,"column":74}},{"start":{"line":28,"column":8},"end":{"line":28,"column":73}}],"line":27}},"s":{"0":2,"1":2,"2":2,"3":2,"4":2,"5":2,"6":2,"7":2,"8":2,"9":2,"10":1,"11":1,"12":1,"13":1,"14":2,"15":2,"16":8,"17":2,"18":2,"19":2},"f":{"0":2,"1":8},"b":{"0":[1,1],"1":[2,1],"2":[8,6]},"_coverageSchema":"1a1c01bbd47fc00a2c39e90264f33305004495a9","hash":"451fd2c121f125e908135ea3edf7740f9a3a0694"}
,"/Users/siri2001/IdeaProjects/TotallySpiesBusPlan/backend/src/utils/speedCalculator.js": {"path":"/Users/siri2001/IdeaProjects/TotallySpiesBusPlan/backend/src/utils/speedCalculator.js","statementMap":{"0":{"start":{"line":17,"column":2},"end":{"line":26,"column":3}},"1":{"start":{"line":19,"column":23},"end":{"line":19,"column":168}},"2":{"start":{"line":20,"column":29},"end":{"line":20,"column":79}},"3":{"start":{"line":22,"column":4},"end":{"line":22,"column":46}},"4":{"start":{"line":25,"column":4},"end":{"line":25,"column":48}},"5":{"start":{"line":35,"column":4},"end":{"line":67,"column":5}},"6":{"start":{"line":37,"column":32},"end":{"line":37,"column":60}},"7":{"start":{"line":38,"column":33},"end":{"line":38,"column":61}},"8":{"start":{"line":42,"column":33},"end":{"line":42,"column":76}},"9":{"start":{"line":43,"column":34},"end":{"line":43,"column":77}},"10":{"start":{"line":48,"column":25},"end":{"line":52,"column":37}},"11":{"start":{"line":56,"column":31},"end":{"line":56,"column":67}},"12":{"start":{"line":59,"column":8},"end":{"line":61,"column":9}},"13":{"start":{"line":60,"column":12},"end":{"line":60,"column":21}},"14":{"start":{"line":63,"column":8},"end":{"line":63,"column":50}},"15":{"start":{"line":66,"column":8},"end":{"line":66,"column":57}},"16":{"start":{"line":80,"column":22},"end":{"line":80,"column":84}},"17":{"start":{"line":81,"column":4},"end":{"line":81,"column":55}},"18":{"start":{"line":85,"column":22},"end":{"line":85,"column":69}},"19":{"start":{"line":86,"column":4},"end":{"line":86,"column":44}},"20":{"start":{"line":87,"column":25},"end":{"line":87,"column":55}},"21":{"start":{"line":88,"column":4},"end":{"line":88,"column":47}},"22":{"start":{"line":92,"column":4},"end":{"line":117,"column":5}},"23":{"start":{"line":93,"column":26},"end":{"line":93,"column":42}},"24":{"start":{"line":94,"column":32},"end":{"line":94,"column":83}},"25":{"start":{"line":95,"column":8},"end":{"line":95,"column":43}},"26":{"start":{"line":96,"column":8},"end":{"line":96,"column":55}},"27":{"start":{"line":97,"column":8},"end":{"line":97,"column":88}},"28":{"start":{"line":99,"column":8},"end":{"line":112,"column":9}},"29":{"start":{"line":100,"column":12},"end":{"line":100,"column":28}},"30":{"start":{"line":101,"column":12},"end":{"line":101,"column":47}},"31":{"start":{"line":102,"column":12},"end":{"line":102,"column":35}},"32":{"start":{"line":104,"column":12},"end":{"line":104,"column":28}},"33":{"start":{"line":105,"column":12},"end":{"line":111,"column":13}},"34":{"start":{"line":106,"column":16},"end":{"line":106,"column":58}},"35":{"start":{"line":107,"column":16},"end":{"line":107,"column":39}},"36":{"start":{"line":108,"column":19},"end":{"line":111,"column":13}},"37":{"start":{"line":109,"column":16},"end":{"line":109,"column":42}},"38":{"start":{"line":110,"column":16},"end":{"line":110,"column":55}},"39":{"start":{"line":115,"column":8},"end":{"line":115,"column":76}},"40":{"start":{"line":116,"column":8},"end":{"line":116,"column":31}},"41":{"start":{"line":119,"column":4},"end":{"line":122,"column":5}},"42":{"start":{"line":120,"column":8},"end":{"line":120,"column":56}},"43":{"start":{"line":121,"column":8},"end":{"line":121,"column":15}},"44":{"start":{"line":125,"column":26},"end":{"line":125,"column":72}},"45":{"start":{"line":126,"column":4},"end":{"line":126,"column":89}},"46":{"start":{"line":137,"column":4},"end":{"line":144,"column":5}},"47":{"start":{"line":138,"column":25},"end":{"line":138,"column":170}},"48":{"start":{"line":139,"column":38},"end":{"line":139,"column":116}},"49":{"start":{"line":140,"column":36},"end":{"line":140,"column":64}},"50":{"start":{"line":141,"column":8},"end":{"line":141,"column":45}},"51":{"start":{"line":143,"column":8},"end":{"line":143,"column":52}},"52":{"start":{"line":155,"column":22},"end":{"line":155,"column":26}},"53":{"start":{"line":156,"column":27},"end":{"line":156,"column":35}},"54":{"start":{"line":157,"column":4},"end":{"line":163,"column":5}},"55":{"start":{"line":158,"column":25},"end":{"line":158,"column":101}},"56":{"start":{"line":159,"column":8},"end":{"line":162,"column":9}},"57":{"start":{"line":160,"column":12},"end":{"line":160,"column":40}},"58":{"start":{"line":161,"column":12},"end":{"line":161,"column":31}},"59":{"start":{"line":164,"column":4},"end":{"line":164,"column":23}}},"fnMap":{"0":{"name":"calculatorScheduledSpeedAmsterdam","decl":{"start":{"line":16,"column":23},"end":{"line":16,"column":56}},"loc":{"start":{"line":16,"column":85},"end":{"line":27,"column":1}},"line":16},"1":{"name":"realtimeAvgSpeedCalculator","decl":{"start":{"line":34,"column":23},"end":{"line":34,"column":49}},"loc":{"start":{"line":34,"column":68},"end":{"line":68,"column":1}},"line":34},"2":{"name":"calculateScheduledSpeedStockholm","decl":{"start":{"line":79,"column":22},"end":{"line":79,"column":54}},"loc":{"start":{"line":79,"column":99},"end":{"line":128,"column":1}},"line":79},"3":{"name":"calculateScheduledSpeed","decl":{"start":{"line":136,"column":16},"end":{"line":136,"column":39}},"loc":{"start":{"line":136,"column":67},"end":{"line":145,"column":1}},"line":136},"4":{"name":"findNearestStop","decl":{"start":{"line":154,"column":16},"end":{"line":154,"column":31}},"loc":{"start":{"line":154,"column":53},"end":{"line":165,"column":1}},"line":154}},"branchMap":{"0":{"loc":{"start":{"line":59,"column":8},"end":{"line":61,"column":9}},"type":"if","locations":[{"start":{"line":59,"column":8},"end":{"line":61,"column":9}},{"start":{},"end":{}}],"line":59},"1":{"loc":{"start":{"line":92,"column":4},"end":{"line":117,"column":5}},"type":"if","locations":[{"start":{"line":92,"column":4},"end":{"line":117,"column":5}},{"start":{"line":113,"column":11},"end":{"line":117,"column":5}}],"line":92},"2":{"loc":{"start":{"line":99,"column":8},"end":{"line":112,"column":9}},"type":"if","locations":[{"start":{"line":99,"column":8},"end":{"line":112,"column":9}},{"start":{"line":103,"column":15},"end":{"line":112,"column":9}}],"line":99},"3":{"loc":{"start":{"line":105,"column":12},"end":{"line":111,"column":13}},"type":"if","locations":[{"start":{"line":105,"column":12},"end":{"line":111,"column":13}},{"start":{"line":108,"column":19},"end":{"line":111,"column":13}}],"line":105},"4":{"loc":{"start":{"line":108,"column":19},"end":{"line":111,"column":13}},"type":"if","locations":[{"start":{"line":108,"column":19},"end":{"line":111,"column":13}},{"start":{},"end":{}}],"line":108},"5":{"loc":{"start":{"line":115,"column":22},"end":{"line":115,"column":75}},"type":"cond-expr","locations":[{"start":{"line":115,"column":41},"end":{"line":115,"column":68}},{"start":{"line":115,"column":71},"end":{"line":115,"column":75}}],"line":115},"6":{"loc":{"start":{"line":119,"column":4},"end":{"line":122,"column":5}},"type":"if","locations":[{"start":{"line":119,"column":4},"end":{"line":122,"column":5}},{"start":{},"end":{}}],"line":119},"7":{"loc":{"start":{"line":119,"column":8},"end":{"line":119,"column":33}},"type":"binary-expr","locations":[{"start":{"line":119,"column":8},"end":{"line":119,"column":20}},{"start":{"line":119,"column":24},"end":{"line":119,"column":33}}],"line":119},"8":{"loc":{"start":{"line":159,"column":8},"end":{"line":162,"column":9}},"type":"if","locations":[{"start":{"line":159,"column":8},"end":{"line":162,"column":9}},{"start":{},"end":{}}],"line":159}},"s":{"0":2,"1":2,"2":1,"3":1,"4":1,"5":0,"6":0,"7":0,"8":0,"9":0,"10":0,"11":0,"12":0,"13":0,"14":0,"15":0,"16":0,"17":0,"18":0,"19":0,"20":0,"21":0,"22":0,"23":0,"24":0,"25":0,"26":0,"27":0,"28":0,"29":0,"30":0,"31":0,"32":0,"33":0,"34":0,"35":0,"36":0,"37":0,"38":0,"39":0,"40":0,"41":0,"42":0,"43":0,"44":0,"45":0,"46":2,"47":2,"48":1,"49":1,"50":1,"51":1,"52":1,"53":1,"54":1,"55":3,"56":3,"57":1,"58":1,"59":1},"f":{"0":2,"1":0,"2":0,"3":2,"4":1},"b":{"0":[0,0],"1":[0,0],"2":[0,0],"3":[0,0],"4":[0,0],"5":[0,0],"6":[0,0],"7":[0,0],"8":[1,2]},"_coverageSchema":"1a1c01bbd47fc00a2c39e90264f33305004495a9","hash":"5eeb011536276742b92a16cca4a7d6cb31e7c4b7"}
}
