TN:
SF:src/DBmodels/busline.js
FNF:0
FNH:0
DA:2,6
DA:4,6
DA:20,6
DA:28,6
DA:37,6
DA:45,6
DA:53,6
DA:54,6
DA:55,6
DA:56,6
DA:57,6
LF:11
LH:11
BRF:0
BRH:0
end_of_record
TN:
SF:src/DBmodels/segmentSpeedPrediction.js
FNF:0
FNH:0
DA:3,1
DA:14,1
LF:2
LH:2
BRF:0
BRH:0
end_of_record
TN:
SF:src/DBmodels/tripUpdate.js
FNF:0
FNH:0
DA:2,3
DA:4,3
DA:19,3
DA:24,3
LF:4
LH:4
BRF:0
BRH:0
end_of_record
TN:
SF:src/DBmodels/vehiclepositions.js
FNF:0
FNH:0
DA:2,3
DA:4,3
DA:30,3
LF:3
LH:3
BRF:0
BRH:0
end_of_record
TN:
SF:src/gtfs-realtime/AmsterdamVehicleDataProcessor.js
FN:8,(anonymous_0)
FN:33,(anonymous_1)
FN:70,(anonymous_2)
FN:81,(anonymous_3)
FNF:4
FNH:4
FNDA:1,(anonymous_0)
FNDA:1,(anonymous_1)
FNDA:1,(anonymous_2)
FNDA:1,(anonymous_3)
DA:9,1
DA:36,1
DA:40,1
DA:43,1
DA:44,1
DA:46,1
DA:52,1
DA:54,1
DA:55,1
DA:56,1
DA:57,1
DA:59,1
DA:60,1
DA:61,1
DA:62,1
DA:63,1
DA:64,1
DA:65,1
DA:66,1
DA:71,1
DA:72,1
DA:77,1
DA:82,1
LF:23
LH:23
BRDA:13,0,0,1
BRDA:13,0,1,0
BRDA:44,1,0,1
BRDA:44,1,1,0
BRDA:44,2,0,1
BRDA:44,2,1,0
BRDA:63,3,0,1
BRDA:63,3,1,0
BRF:8
BRH:4
end_of_record
TN:
SF:src/gtfs-realtime/IVehicleDataProcessor.js
FN:2,(anonymous_0)
FN:5,(anonymous_1)
FNF:2
FNH:2
FNDA:1,(anonymous_0)
FNDA:1,(anonymous_1)
DA:3,1
DA:6,1
LF:2
LH:2
BRF:0
BRH:0
end_of_record
TN:
SF:src/gtfs-realtime/StockholmVehicleDataProcessor.js
FN:8,(anonymous_0)
FN:26,(anonymous_1)
FN:48,(anonymous_2)
FN:58,(anonymous_3)
FNF:4
FNH:4
FNDA:1,(anonymous_0)
FNDA:1,(anonymous_1)
FNDA:1,(anonymous_2)
FNDA:1,(anonymous_3)
DA:9,1
DA:27,1
DA:28,1
DA:29,1
DA:30,1
DA:31,1
DA:32,1
DA:34,1
DA:35,1
DA:36,1
DA:42,1
DA:43,1
DA:44,1
DA:45,1
DA:49,1
DA:50,1
DA:59,1
LF:17
LH:17
BRDA:13,0,0,1
BRDA:13,0,1,0
BRDA:29,1,0,1
BRDA:29,1,1,0
BRF:4
BRH:2
end_of_record
TN:
SF:src/queryData/fetchAverageSpeed.js
FN:12,fetchAverageSpeed
FN:20,(anonymous_1)
FNF:2
FNH:2
FNDA:5,fetchAverageSpeed
FNDA:4,(anonymous_1)
DA:15,5
DA:16,5
DA:17,1
DA:20,4
DA:21,4
DA:22,1
DA:25,3
DA:26,3
DA:27,1
DA:31,2
DA:32,1
DA:33,1
DA:35,1
DA:36,1
DA:37,1
DA:41,2
DA:42,1
DA:44,1
DA:45,1
DA:46,1
DA:47,1
DA:48,1
DA:49,1
DA:50,1
DA:51,1
LF:25
LH:25
BRDA:16,0,0,1
BRDA:16,0,1,4
BRDA:21,1,0,1
BRDA:21,1,1,3
BRDA:26,2,0,1
BRDA:26,2,1,2
BRDA:31,3,0,1
BRDA:31,3,1,1
BRDA:35,4,0,1
BRDA:35,4,1,0
BRDA:35,5,0,1
BRDA:35,5,1,1
BRDA:41,6,0,1
BRDA:41,6,1,1
BRDA:47,7,0,1
BRDA:47,7,1,0
BRF:16
BRH:14
end_of_record
TN:
SF:src/queryData/queryDbData.js
FN:14,getBusAllBuslineAmsterdam
FN:22,getBusAllBuslineStockholm
FN:27,getBusDetails
FNF:3
FNH:3
FNDA:2,getBusAllBuslineAmsterdam
FNDA:2,getBusAllBuslineStockholm
FNDA:3,getBusDetails
DA:15,2
DA:23,2
DA:28,3
DA:29,2
DA:30,0
DA:32,2
DA:33,2
DA:34,2
DA:35,1
DA:36,1
DA:41,1
DA:42,1
DA:43,0
DA:45,1
DA:46,1
DA:49,1
DA:50,1
DA:51,1
DA:52,1
DA:55,1
DA:56,1
DA:59,1
DA:62,1
LF:23
LH:21
BRDA:29,0,0,0
BRDA:29,0,1,2
BRDA:34,1,0,1
BRDA:34,1,1,1
BRDA:42,2,0,0
BRDA:42,2,1,1
BRDA:56,3,0,0
BRDA:56,3,1,1
BRF:8
BRH:5
end_of_record
TN:
SF:src/utils/calculateUtil.js
FN:8,calculateBearing
FN:9,(anonymous_1)
FN:10,(anonymous_2)
FN:37,isMovingTowards
FN:52,haversineDistance
FN:76,calculateDistance
FN:98,calculateTimeDifference
FN:118,parseTime
FN:138,timeDifferenceInSeconds
FNF:9
FNH:9
FNDA:1,calculateBearing
FNDA:4,(anonymous_1)
FNDA:1,(anonymous_2)
FNDA:3,isMovingTowards
FNDA:4,haversineDistance
FNDA:3,calculateDistance
FNDA:3,calculateTimeDifference
FNDA:21,parseTime
FNDA:6,timeDifferenceInSeconds
DA:9,4
DA:10,1
DA:12,1
DA:13,1
DA:14,1
DA:15,1
DA:17,1
DA:18,1
DA:19,1
DA:20,1
DA:22,1
DA:23,1
DA:26,1
DA:39,3
DA:40,3
DA:53,4
DA:54,4
DA:55,4
DA:56,4
DA:57,4
DA:59,4
DA:62,4
DA:64,4
DA:77,3
DA:78,3
DA:79,3
DA:81,3
DA:86,3
DA:87,3
DA:101,3
DA:102,3
DA:105,3
DA:106,3
DA:107,1
DA:109,3
DA:119,21
DA:120,2
DA:121,2
DA:124,19
DA:125,19
DA:126,19
DA:127,19
DA:128,19
DA:129,19
DA:139,6
DA:140,6
DA:141,6
LF:47
LH:47
BRDA:37,0,0,0
BRDA:40,1,0,3
BRDA:40,1,1,2
BRDA:106,2,0,1
BRDA:106,2,1,2
BRDA:119,3,0,2
BRDA:119,3,1,19
BRF:7
BRH:6
end_of_record
TN:
SF:src/utils/congestionLevel.js
FN:11,congestionLevel
FN:30,congestionLevelStockholm
FNF:2
FNH:2
FNDA:1,congestionLevel
FNDA:1,congestionLevelStockholm
DA:12,1
DA:13,1
DA:14,1
DA:15,1
DA:16,1
DA:17,1
DA:31,1
DA:32,1
LF:8
LH:8
BRF:0
BRH:0
end_of_record
TN:
SF:src/utils/enum.js
FNF:0
FNH:0
DA:1,1
DA:5,1
LF:2
LH:2
BRF:0
BRH:0
end_of_record
TN:
SF:src/utils/level.js
FN:7,level
FNF:1
FNH:1
FNDA:4,level
DA:8,4
DA:9,1
DA:10,3
DA:11,1
DA:13,2
LF:5
LH:5
BRDA:8,0,0,1
BRDA:8,0,1,3
BRDA:10,1,0,1
BRDA:10,1,1,2
BRF:4
BRH:4
end_of_record
TN:
SF:src/utils/querydataUtil.js
FN:8,handleInactivity
FNF:1
FNH:1
FNDA:1,handleInactivity
DA:9,1
LF:1
LH:1
BRF:0
BRH:0
end_of_record
TN:
SF:src/utils/shapesUtilSet.js
FN:3,getShapesBetweenStops
FN:26,(anonymous_1)
FNF:2
FNH:2
FNDA:2,getShapesBetweenStops
FNDA:8,(anonymous_1)
DA:5,2
DA:6,2
DA:7,2
DA:9,2
DA:10,2
DA:12,2
DA:13,2
DA:14,2
DA:15,2
DA:17,2
DA:18,1
DA:19,1
DA:20,1
DA:21,1
DA:24,2
DA:26,2
DA:27,8
DA:30,2
DA:31,2
DA:32,2
LF:20
LH:20
BRDA:17,0,0,1
BRDA:17,0,1,1
BRDA:17,1,0,2
BRDA:17,1,1,1
BRDA:27,2,0,8
BRDA:27,2,1,6
BRF:6
BRH:6
end_of_record
TN:
SF:src/utils/speedCalculator.js
FN:16,calculatorScheduledSpeedAmsterdam
FN:34,realtimeAvgSpeedCalculator
FN:79,calculateScheduledSpeedStockholm
FN:136,calculateScheduledSpeed
FN:154,findNearestStop
FNF:5
FNH:3
FNDA:2,calculatorScheduledSpeedAmsterdam
FNDA:0,realtimeAvgSpeedCalculator
FNDA:0,calculateScheduledSpeedStockholm
FNDA:2,calculateScheduledSpeed
FNDA:1,findNearestStop
DA:17,2
DA:19,2
DA:20,1
DA:22,1
DA:25,1
DA:35,0
DA:37,0
DA:38,0
DA:42,0
DA:43,0
DA:48,0
DA:56,0
DA:59,0
DA:60,0
DA:63,0
DA:66,0
DA:80,0
DA:81,0
DA:85,0
DA:86,0
DA:87,0
DA:88,0
DA:92,0
DA:93,0
DA:94,0
DA:95,0
DA:96,0
DA:97,0
DA:99,0
DA:100,0
DA:101,0
DA:102,0
DA:104,0
DA:105,0
DA:106,0
DA:107,0
DA:108,0
DA:109,0
DA:110,0
DA:115,0
DA:116,0
DA:119,0
DA:120,0
DA:121,0
DA:125,0
DA:126,0
DA:137,2
DA:138,2
DA:139,1
DA:140,1
DA:141,1
DA:143,1
DA:155,1
DA:156,1
DA:157,1
DA:158,3
DA:159,3
DA:160,1
DA:161,1
DA:164,1
LF:60
LH:19
BRDA:59,0,0,0
BRDA:59,0,1,0
BRDA:92,1,0,0
BRDA:92,1,1,0
BRDA:99,2,0,0
BRDA:99,2,1,0
BRDA:105,3,0,0
BRDA:105,3,1,0
BRDA:108,4,0,0
BRDA:108,4,1,0
BRDA:115,5,0,0
BRDA:115,5,1,0
BRDA:119,6,0,0
BRDA:119,6,1,0
BRDA:119,7,0,0
BRDA:119,7,1,0
BRDA:159,8,0,1
BRDA:159,8,1,2
BRF:18
BRH:2
end_of_record
