TN:
SF:src/DBmodels/tripUpdate.js
FNF:0
FNH:0
DA:2,1
DA:4,1
DA:19,1
DA:24,1
LF:4
LH:4
BRF:0
BRH:0
end_of_record
TN:
SF:src/DBmodels/vehiclepositions.js
FNF:0
FNH:0
DA:2,1
DA:4,1
DA:30,1
LF:3
LH:3
BRF:0
BRH:0
end_of_record
TN:
SF:src/gtfs-realtime/AmsterdamVehicleDataProcessor.js
FN:8,(anonymous_0)
FN:33,(anonymous_1)
FN:70,(anonymous_2)
FN:81,(anonymous_3)
FNF:4
FNH:4
FNDA:1,(anonymous_0)
FNDA:1,(anonymous_1)
FNDA:1,(anonymous_2)
FNDA:1,(anonymous_3)
DA:9,1
DA:36,1
DA:40,1
DA:43,1
DA:44,1
DA:46,1
DA:52,1
DA:54,1
DA:55,1
DA:56,1
DA:57,1
DA:59,1
DA:60,1
DA:61,1
DA:62,1
DA:63,1
DA:64,1
DA:65,1
DA:66,1
DA:71,1
DA:72,1
DA:77,1
DA:82,1
LF:23
LH:23
BRDA:13,0,0,1
BRDA:13,0,1,0
BRDA:44,1,0,1
BRDA:44,1,1,0
BRDA:44,2,0,1
BRDA:44,2,1,0
BRDA:63,3,0,1
BRDA:63,3,1,0
BRF:8
BRH:4
end_of_record
TN:
SF:src/gtfs-realtime/IVehicleDataProcessor.js
FN:2,(anonymous_0)
FN:5,(anonymous_1)
FNF:2
FNH:0
FNDA:0,(anonymous_0)
FNDA:0,(anonymous_1)
DA:3,0
DA:6,0
LF:2
LH:0
BRF:0
BRH:0
end_of_record
TN:
SF:src/queryData/fetchAverageSpeed.js
FN:12,fetchAverageSpeed
FN:20,(anonymous_1)
FNF:2
FNH:0
FNDA:0,fetchAverageSpeed
FNDA:0,(anonymous_1)
DA:15,0
DA:16,0
DA:17,0
DA:20,0
DA:21,0
DA:22,0
DA:25,0
DA:26,0
DA:27,0
DA:31,0
DA:32,0
DA:33,0
DA:35,0
DA:36,0
DA:37,0
DA:41,0
DA:42,0
DA:44,0
DA:45,0
DA:46,0
DA:47,0
DA:48,0
DA:49,0
DA:50,0
DA:51,0
LF:25
LH:0
BRDA:16,0,0,0
BRDA:16,0,1,0
BRDA:21,1,0,0
BRDA:21,1,1,0
BRDA:26,2,0,0
BRDA:26,2,1,0
BRDA:31,3,0,0
BRDA:31,3,1,0
BRDA:35,4,0,0
BRDA:35,4,1,0
BRDA:35,5,0,0
BRDA:35,5,1,0
BRDA:41,6,0,0
BRDA:41,6,1,0
BRDA:47,7,0,0
BRDA:47,7,1,0
BRF:16
BRH:0
end_of_record
TN:
SF:src/utils/congestionLevel.js
FN:11,congestionLevel
FN:41,congestionLevelStockholm
FN:58,level
FNF:3
FNH:0
FNDA:0,congestionLevel
FNDA:0,congestionLevelStockholm
FNDA:0,level
DA:15,0
DA:16,0
DA:17,0
DA:18,0
DA:22,0
DA:27,0
DA:42,0
DA:44,0
DA:45,0
DA:59,0
DA:60,0
DA:61,0
DA:62,0
DA:64,0
LF:14
LH:0
BRDA:59,0,0,0
BRDA:59,0,1,0
BRDA:61,1,0,0
BRDA:61,1,1,0
BRF:4
BRH:0
end_of_record
TN:
SF:src/utils/speedCalculator.js
FN:9,calculatorScheduledSpeedAmsterdam
FN:27,realtimeAvgSpeedCalculator
FN:72,calculateScheduledSpeedStockholm
FN:129,calculateScheduledSpeed
FN:147,calculateBearing
FN:148,(anonymous_5)
FN:149,(anonymous_6)
FN:175,isMovingTowards
FN:188,findNearestStop
FN:211,haversineDistance
FN:235,calculateDistance
FN:257,calculateTimeDifference
FN:277,parseTime
FN:297,timeDifferenceInSeconds
FNF:14
FNH:0
FNDA:0,calculatorScheduledSpeedAmsterdam
FNDA:0,realtimeAvgSpeedCalculator
FNDA:0,calculateScheduledSpeedStockholm
FNDA:0,calculateScheduledSpeed
FNDA:0,calculateBearing
FNDA:0,(anonymous_5)
FNDA:0,(anonymous_6)
FNDA:0,isMovingTowards
FNDA:0,findNearestStop
FNDA:0,haversineDistance
FNDA:0,calculateDistance
FNDA:0,calculateTimeDifference
FNDA:0,parseTime
FNDA:0,timeDifferenceInSeconds
DA:10,0
DA:12,0
DA:13,0
DA:15,0
DA:18,0
DA:28,0
DA:30,0
DA:31,0
DA:35,0
DA:36,0
DA:41,0
DA:49,0
DA:52,0
DA:53,0
DA:56,0
DA:59,0
DA:73,0
DA:74,0
DA:78,0
DA:79,0
DA:80,0
DA:81,0
DA:85,0
DA:86,0
DA:87,0
DA:88,0
DA:89,0
DA:90,0
DA:92,0
DA:93,0
DA:94,0
DA:95,0
DA:97,0
DA:98,0
DA:99,0
DA:100,0
DA:101,0
DA:102,0
DA:103,0
DA:108,0
DA:109,0
DA:112,0
DA:113,0
DA:114,0
DA:118,0
DA:119,0
DA:130,0
DA:131,0
DA:132,0
DA:133,0
DA:134,0
DA:136,0
DA:148,0
DA:149,0
DA:151,0
DA:152,0
DA:153,0
DA:154,0
DA:156,0
DA:157,0
DA:158,0
DA:159,0
DA:161,0
DA:162,0
DA:165,0
DA:177,0
DA:178,0
DA:189,0
DA:190,0
DA:192,0
DA:193,0
DA:194,0
DA:195,0
DA:196,0
DA:200,0
DA:212,0
DA:213,0
DA:214,0
DA:215,0
DA:216,0
DA:218,0
DA:221,0
DA:223,0
DA:236,0
DA:237,0
DA:238,0
DA:240,0
DA:245,0
DA:246,0
DA:260,0
DA:261,0
DA:264,0
DA:265,0
DA:266,0
DA:268,0
DA:278,0
DA:279,0
DA:280,0
DA:283,0
DA:284,0
DA:285,0
DA:286,0
DA:287,0
DA:288,0
DA:298,0
DA:299,0
DA:300,0
LF:107
LH:0
BRDA:52,0,0,0
BRDA:52,0,1,0
BRDA:85,1,0,0
BRDA:85,1,1,0
BRDA:92,2,0,0
BRDA:92,2,1,0
BRDA:98,3,0,0
BRDA:98,3,1,0
BRDA:101,4,0,0
BRDA:101,4,1,0
BRDA:108,5,0,0
BRDA:108,5,1,0
BRDA:112,6,0,0
BRDA:112,6,1,0
BRDA:112,7,0,0
BRDA:112,7,1,0
BRDA:175,8,0,0
BRDA:178,9,0,0
BRDA:178,9,1,0
BRDA:194,10,0,0
BRDA:194,10,1,0
BRDA:265,11,0,0
BRDA:265,11,1,0
BRDA:278,12,0,0
BRDA:278,12,1,0
BRF:25
BRH:0
end_of_record
